2020-01-30 18:45:10,123 [line:67] INFO 4585622976 Get 2364 hospitals data
2020-01-30 18:45:10,130 [line:92] INFO 4585622976 Will save 24 files
2020-01-30 18:45:10,130 [line:100] INFO 4585622976 Get data from 1100 to 1200
2020-01-30 18:45:10,130 [line:114] INFO 4585622976 Get 1101 曾都区草店镇卫生院's data from http://wjw.hubei.gov.cn/bsfw/bmcxfw/snyljgcx/201910/t20191031_207927.shtml
2020-01-30 18:45:17,435 [line:114] INFO 4585622976 Get 1102 曾都区岩子河乡卫生院's data from http://wjw.hubei.gov.cn/bsfw/bmcxfw/snyljgcx/201910/t20191031_207925.shtml
2020-01-30 18:45:17,821 [line:114] INFO 4585622976 Get 1103 曾都区北郊卫生院's data from http://wjw.hubei.gov.cn/bsfw/bmcxfw/snyljgcx/201910/t20191031_207924.shtml
2020-01-30 18:45:18,200 [line:114] INFO 4585622976 Get 1104 曾都区白云医院's data from http://wjw.hubei.gov.cn/bsfw/bmcxfw/snyljgcx/201910/t20191031_207922.shtml
2020-01-30 18:45:18,581 [line:114] INFO 4585622976 Get 1105 随州市卫生局卫生监督局's data from http://wjw.hubei.gov.cn/bsfw/bmcxfw/snyljgcx/201910/t20191031_207920.shtml
2020-01-30 18:45:19,004 [line:114] INFO 4585622976 Get 1106 随州市中心医院's data from http://wjw.hubei.gov.cn/bsfw/bmcxfw/snyljgcx/201910/t20191031_207919.shtml
2020-01-30 18:45:19,379 [line:114] INFO 4585622976 Get 1107 随州市中医医院's data from http://wjw.hubei.gov.cn/bsfw/bmcxfw/snyljgcx/201910/t20191031_207917.shtml
2020-01-30 18:45:19,727 [line:114] INFO 4585622976 Get 1108 郧西县湖北口回族乡卫生院's data from http://wjw.hubei.gov.cn/bsfw/bmcxfw/snyljgcx/201910/t20191031_207906.shtml
2020-01-30 18:45:20,126 [line:114] INFO 4585622976 Get 1109 曾都区吴山镇卫生院's data from http://wjw.hubei.gov.cn/bsfw/bmcxfw/snyljgcx/201910/t20191031_207915.shtml
2020-01-30 18:45:20,485 [line:114] INFO 4585622976 Get 1110 郧西县关防乡卫生院's data from http://wjw.hubei.gov.cn/bsfw/bmcxfw/snyljgcx/201910/t20191031_207914.shtml
2020-01-30 18:45:20,866 [line:114] INFO 4585622976 Get 1111 郧西县中医医院's data from http://wjw.hubei.gov.cn/bsfw/bmcxfw/snyljgcx/201910/t20191031_207912.shtml
2020-01-30 18:45:21,230 [line:114] INFO 4585622976 Get 1112 郧西县观音镇中心卫生院's data from http://wjw.hubei.gov.cn/bsfw/bmcxfw/snyljgcx/201910/t20191031_207911.shtml
2020-01-30 18:45:21,640 [line:114] INFO 4585622976 Get 1113 郧西县六郎乡卫生院's data from http://wjw.hubei.gov.cn/bsfw/bmcxfw/snyljgcx/201910/t20191031_207909.shtml
2020-01-30 18:45:22,053 [line:114] INFO 4585622976 Get 1114 郧西县上津镇中心卫生院's data from http://wjw.hubei.gov.cn/bsfw/bmcxfw/snyljgcx/201910/t20191031_207907.shtml
2020-01-30 18:45:22,462 [line:114] INFO 4585622976 Get 1115 郧西县妇幼保健院's data from http://wjw.hubei.gov.cn/bsfw/bmcxfw/snyljgcx/201910/t20191031_207904.shtml
2020-01-30 18:45:23,167 [line:114] INFO 4585622976 Get 1116 郧西县涧池乡卫生院's data from http://wjw.hubei.gov.cn/bsfw/bmcxfw/snyljgcx/201910/t20191031_207903.shtml
2020-01-30 18:45:23,699 [line:114] INFO 4585622976 Get 1117 郧西县河夹镇卫生院's data from http://wjw.hubei.gov.cn/bsfw/bmcxfw/snyljgcx/201910/t20191031_207901.shtml
2020-01-30 18:45:24,071 [line:114] INFO 4585622976 Get 1118 竹山县妇幼保健院's data from http://wjw.hubei.gov.cn/bsfw/bmcxfw/snyljgcx/201910/t20191031_207900.shtml
2020-01-30 18:45:24,558 [line:114] INFO 4585622976 Get 1119 竹山县中医医院's data from http://wjw.hubei.gov.cn/bsfw/bmcxfw/snyljgcx/201910/t20191031_207898.shtml
2020-01-30 18:45:24,938 [line:114] INFO 4585622976 Get 1120 竹山县人民医院's data from http://wjw.hubei.gov.cn/bsfw/bmcxfw/snyljgcx/201910/t20191031_207896.shtml
2020-01-30 18:45:25,736 [line:114] INFO 4585622976 Get 1121 竹山县潘口乡卫生院's data from http://wjw.hubei.gov.cn/bsfw/bmcxfw/snyljgcx/201910/t20191031_207895.shtml
2020-01-30 18:45:26,091 [line:114] INFO 4585622976 Get 1122 竹山县卫生局卫生监督所's data from http://wjw.hubei.gov.cn/bsfw/bmcxfw/snyljgcx/201910/t20191031_207893.shtml
2020-01-30 18:45:26,509 [line:114] INFO 4585622976 Get 1123 竹山县文峰乡卫生院's data from http://wjw.hubei.gov.cn/bsfw/bmcxfw/snyljgcx/201910/t20191031_207892.shtml
2020-01-30 18:45:26,903 [line:114] INFO 4585622976 Get 1124 十堰市麻风病防治所's data from http://wjw.hubei.gov.cn/bsfw/bmcxfw/snyljgcx/201910/t20191031_207890.shtml
2020-01-30 18:45:27,336 [line:114] INFO 4585622976 Get 1125 竹山县溢水镇卫生院's data from http://wjw.hubei.gov.cn/bsfw/bmcxfw/snyljgcx/201910/t20191031_207881.shtml
2020-01-30 18:45:28,657 [line:114] INFO 4585622976 Get 1126 长阳土家族自治县妇幼保健院's data from http://wjw.hubei.gov.cn/bsfw/bmcxfw/snyljgcx/201910/t20191031_207880.shtml
2020-01-30 18:45:29,206 [line:114] INFO 4585622976 Get 1127 武穴市梅川镇卫生院's data from http://wjw.hubei.gov.cn/bsfw/bmcxfw/snyljgcx/201910/t20191031_207878.shtml
2020-01-30 18:45:29,723 [line:114] INFO 4585622976 Get 1128 南昌铁路中心医院麻城分院's data from http://wjw.hubei.gov.cn/bsfw/bmcxfw/snyljgcx/201910/t20191031_207877.shtml
2020-01-30 18:45:30,277 [line:114] INFO 4585622976 Get 1129 竹山县疾病疫防控制中心's data from http://wjw.hubei.gov.cn/bsfw/bmcxfw/snyljgcx/201910/t20191031_207889.shtml
2020-01-30 18:45:30,686 [line:114] INFO 4585622976 Get 1130 竹山县麻家渡镇卫生院's data from http://wjw.hubei.gov.cn/bsfw/bmcxfw/snyljgcx/201910/t20191031_207887.shtml
2020-01-30 18:45:31,402 [line:114] INFO 4585622976 Get 1131 竹山县卫生职工中等专业学校's data from http://wjw.hubei.gov.cn/bsfw/bmcxfw/snyljgcx/201910/t20191031_207886.shtml
2020-01-30 18:45:31,781 [line:114] INFO 4585622976 Get 1132 竹山县双台乡卫生院's data from http://wjw.hubei.gov.cn/bsfw/bmcxfw/snyljgcx/201910/t20191031_207884.shtml
2020-01-30 18:45:32,184 [line:114] INFO 4585622976 Get 1133 竹山县柳林乡卫生院's data from http://wjw.hubei.gov.cn/bsfw/bmcxfw/snyljgcx/201910/t20191031_207883.shtml
2020-01-30 18:45:32,618 [line:114] INFO 4585622976 Get 1134 麻城市疾病预防控制中心's data from http://wjw.hubei.gov.cn/bsfw/bmcxfw/snyljgcx/201910/t20191031_207875.shtml
2020-01-30 18:45:33,041 [line:114] INFO 4585622976 Get 1135 麻城市卫生监督大队's data from http://wjw.hubei.gov.cn/bsfw/bmcxfw/snyljgcx/201910/t20191031_207873.shtml
2020-01-30 18:45:33,435 [line:114] INFO 4585622976 Get 1136 麻城市龙池桥办事处卫生院's data from http://wjw.hubei.gov.cn/bsfw/bmcxfw/snyljgcx/201910/t20191031_207872.shtml
2020-01-30 18:45:33,843 [line:114] INFO 4585622976 Get 1137 麻城市铁门岗乡卫生院's data from http://wjw.hubei.gov.cn/bsfw/bmcxfw/snyljgcx/201910/t20191031_207870.shtml
2020-01-30 18:45:34,424 [line:114] INFO 4585622976 Get 1138 麻城市南湖办事处卫生院's data from http://wjw.hubei.gov.cn/bsfw/bmcxfw/snyljgcx/201910/t20191031_207868.shtml
2020-01-30 18:45:34,906 [line:114] INFO 4585622976 Get 1139 麻城市古楼办事处卫生院's data from http://wjw.hubei.gov.cn/bsfw/bmcxfw/snyljgcx/201910/t20191031_207867.shtml
2020-01-30 18:45:35,296 [line:114] INFO 4585622976 Get 1140 麻城市阎家河镇卫生院's data from http://wjw.hubei.gov.cn/bsfw/bmcxfw/snyljgcx/201910/t20191031_207865.shtml
