2020-01-30 17:37:17,683 [line:66] INFO 4351880640 Get 2364 hospitals data
2020-01-30 17:37:17,692 [line:92] INFO 4351880640 Will save 2 files
2020-01-30 17:37:17,692 [line:100] INFO 4351880640 Get data from 0 to 100
2020-01-30 17:37:17,692 [line:114] INFO 4351880640 Get 宜城市板桥店镇防疫和妇幼保健工作站's data from http://wjw.hubei.gov.cn/bsfw/bmcxfw/snyljgcx/201910/t20191031_209588.shtml
2020-01-30 17:37:27,334 [line:114] INFO 4351880640 Get 宜城市王集镇卫生防疫和妇幼保健工作站台's data from http://wjw.hubei.gov.cn/bsfw/bmcxfw/snyljgcx/201910/t20191031_209587.shtml
2020-01-30 17:37:28,487 [line:114] INFO 4351880640 Get 五峰土家族自治县湾潭镇中心卫生院's data from http://wjw.hubei.gov.cn/bsfw/bmcxfw/snyljgcx/201910/t20191031_209597.shtml
2020-01-30 17:37:28,859 [line:114] INFO 4351880640 Get 五峰土家族自治县卫生局卫生监督局's data from http://wjw.hubei.gov.cn/bsfw/bmcxfw/snyljgcx/201910/t20191031_209596.shtml
2020-01-30 17:37:29,212 [line:114] INFO 4351880640 Get 五峰土家族自治县疾病预防控制中心's data from http://wjw.hubei.gov.cn/bsfw/bmcxfw/snyljgcx/201910/t20191031_209595.shtml
2020-01-30 17:37:29,583 [line:114] INFO 4351880640 Get 五峰土家族自治县妇幼保健院's data from http://wjw.hubei.gov.cn/bsfw/bmcxfw/snyljgcx/201910/t20191031_209594.shtml
2020-01-30 17:37:30,305 [line:114] INFO 4351880640 Get 远安县妇幼保健所's data from http://wjw.hubei.gov.cn/bsfw/bmcxfw/snyljgcx/201910/t20191031_209593.shtml
2020-01-30 17:37:30,854 [line:114] INFO 4351880640 Get 远安县疾病预防控制中心's data from http://wjw.hubei.gov.cn/bsfw/bmcxfw/snyljgcx/201910/t20191031_209592.shtml
2020-01-30 17:37:31,333 [line:114] INFO 4351880640 Get 宜城市馨瑞医院's data from http://wjw.hubei.gov.cn/bsfw/bmcxfw/snyljgcx/201910/t20191031_209591.shtml
2020-01-30 17:37:32,062 [line:114] INFO 4351880640 Get 宜城市璞河千济医院's data from http://wjw.hubei.gov.cn/bsfw/bmcxfw/snyljgcx/201910/t20191031_209590.shtml
2020-01-30 17:37:32,475 [line:114] INFO 4351880640 Get 宜城市流水镇防疫和妇幼保健工作站's data from http://wjw.hubei.gov.cn/bsfw/bmcxfw/snyljgcx/201910/t20191031_209589.shtml
2020-01-30 17:37:32,918 [line:114] INFO 4351880640 Get 远安县河口乡卫生院's data from http://wjw.hubei.gov.cn/bsfw/bmcxfw/snyljgcx/201910/t20191031_209586.shtml
2020-01-30 17:37:33,330 [line:114] INFO 4351880640 Get 远安县花林寺镇卫生院's data from http://wjw.hubei.gov.cn/bsfw/bmcxfw/snyljgcx/201910/t20191031_209585.shtml
2020-01-30 17:37:33,720 [line:114] INFO 4351880640 Get 远安县旧县镇卫生院's data from http://wjw.hubei.gov.cn/bsfw/bmcxfw/snyljgcx/201910/t20191031_209584.shtml
2020-01-30 17:37:34,282 [line:114] INFO 4351880640 Get 远安县中医院's data from http://wjw.hubei.gov.cn/bsfw/bmcxfw/snyljgcx/201910/t20191031_209583.shtml
2020-01-30 17:37:34,652 [line:114] INFO 4351880640 Get 东风公司职业病防治所's data from http://wjw.hubei.gov.cn/bsfw/bmcxfw/snyljgcx/201910/t20191031_209582.shtml
2020-01-30 17:37:35,402 [line:114] INFO 4351880640 Get 东风公司花果医院's data from http://wjw.hubei.gov.cn/bsfw/bmcxfw/snyljgcx/201910/t20191031_209581.shtml
2020-01-30 17:37:36,252 [line:114] INFO 4351880640 Get 东风公司总医院's data from http://wjw.hubei.gov.cn/bsfw/bmcxfw/snyljgcx/201910/t20191031_209580.shtml
2020-01-30 17:37:36,657 [line:114] INFO 4351880640 Get 十堰市慈安医院's data from http://wjw.hubei.gov.cn/bsfw/bmcxfw/snyljgcx/201910/t20191031_209579.shtml
2020-01-30 17:37:37,083 [line:114] INFO 4351880640 Get 茅箭区茅塔乡卫生院's data from http://wjw.hubei.gov.cn/bsfw/bmcxfw/snyljgcx/201910/t20191031_209578.shtml
2020-01-30 17:37:37,429 [line:114] INFO 4351880640 Get 茅箭区赛武当林场卫生院's data from http://wjw.hubei.gov.cn/bsfw/bmcxfw/snyljgcx/201910/t20191031_209577.shtml
2020-01-30 17:37:37,972 [line:114] INFO 4351880640 Get 十堰市博爱医院's data from http://wjw.hubei.gov.cn/bsfw/bmcxfw/snyljgcx/201910/t20191031_209572.shtml
2020-01-30 17:37:38,348 [line:114] INFO 4351880640 Get 十堰市太和医院's data from http://wjw.hubei.gov.cn/bsfw/bmcxfw/snyljgcx/201910/t20191031_209571.shtml
2020-01-30 17:37:38,740 [line:114] INFO 4351880640 Get 十堰市按摩医院's data from http://wjw.hubei.gov.cn/bsfw/bmcxfw/snyljgcx/201910/t20191031_209570.shtml
2020-01-30 17:37:39,162 [line:114] INFO 4351880640 Get 十堰市疾病预防控制中心's data from http://wjw.hubei.gov.cn/bsfw/bmcxfw/snyljgcx/201910/t20191031_209569.shtml
2020-01-30 17:37:39,853 [line:114] INFO 4351880640 Get 宜都市聂家河镇卫生院's data from http://wjw.hubei.gov.cn/bsfw/bmcxfw/snyljgcx/201910/t20191031_209568.shtml
2020-01-30 17:37:40,241 [line:114] INFO 4351880640 Get 宜都市松宜二医院's data from http://wjw.hubei.gov.cn/bsfw/bmcxfw/snyljgcx/201910/t20191031_209567.shtml
2020-01-30 17:37:40,596 [line:114] INFO 4351880640 Get 铁十一局二处职工医院's data from http://wjw.hubei.gov.cn/bsfw/bmcxfw/snyljgcx/201910/t20191031_209566.shtml
2020-01-30 17:37:40,999 [line:114] INFO 4351880640 Get 十堰市红十字医院's data from http://wjw.hubei.gov.cn/bsfw/bmcxfw/snyljgcx/201910/t20191031_209565.shtml
2020-01-30 17:37:41,602 [line:114] INFO 4351880640 Get 茅箭区鸳鸯乡卫生院's data from http://wjw.hubei.gov.cn/bsfw/bmcxfw/snyljgcx/201910/t20191031_209576.shtml
2020-01-30 17:37:41,981 [line:114] INFO 4351880640 Get 茅箭区大川乡卫生院's data from http://wjw.hubei.gov.cn/bsfw/bmcxfw/snyljgcx/201910/t20191031_209575.shtml
2020-01-30 17:37:42,396 [line:114] INFO 4351880640 Get 十堰市茅箭区疾控所's data from http://wjw.hubei.gov.cn/bsfw/bmcxfw/snyljgcx/201910/t20191031_209574.shtml
2020-01-30 17:37:42,751 [line:114] INFO 4351880640 Get 十堰市第四医院(茅箭区人民医院)'s data from http://wjw.hubei.gov.cn/bsfw/bmcxfw/snyljgcx/201910/t20191031_209573.shtml
2020-01-30 17:37:43,172 [line:114] INFO 4351880640 Get 湖北省郧县谭山镇卫生院's data from http://wjw.hubei.gov.cn/bsfw/bmcxfw/snyljgcx/201910/t20191031_209556.shtml
2020-01-30 17:37:44,011 [line:114] INFO 4351880640 Get 湖北省郧县安阳镇中心卫生院's data from http://wjw.hubei.gov.cn/bsfw/bmcxfw/snyljgcx/201910/t20191031_209555.shtml
2020-01-30 17:37:44,391 [line:114] INFO 4351880640 Get 湖北省郧县国营原种场卫生院's data from http://wjw.hubei.gov.cn/bsfw/bmcxfw/snyljgcx/201910/t20191031_209554.shtml
2020-01-30 17:37:44,757 [line:114] INFO 4351880640 Get 湖北省郧县疾病预防控制中心's data from http://wjw.hubei.gov.cn/bsfw/bmcxfw/snyljgcx/201910/t20191031_209564.shtml
2020-01-30 17:37:45,129 [line:114] INFO 4351880640 Get 湖北省郧县中医医院's data from http://wjw.hubei.gov.cn/bsfw/bmcxfw/snyljgcx/201910/t20191031_209563.shtml
2020-01-30 17:37:45,489 [line:114] INFO 4351880640 Get 湖北省郧县单采血浆站's data from http://wjw.hubei.gov.cn/bsfw/bmcxfw/snyljgcx/201910/t20191031_209562.shtml
2020-01-30 17:37:45,893 [line:114] INFO 4351880640 Get 湖北省郧县卫生监督局's data from http://wjw.hubei.gov.cn/bsfw/bmcxfw/snyljgcx/201910/t20191031_209561.shtml
2020-01-30 17:37:46,433 [line:114] INFO 4351880640 Get 湖北省郧县鲍峡中心卫生院's data from http://wjw.hubei.gov.cn/bsfw/bmcxfw/snyljgcx/201910/t20191031_209560.shtml
2020-01-30 17:37:46,794 [line:114] INFO 4351880640 Get 湖北省郧县杨溪铺镇卫生院's data from http://wjw.hubei.gov.cn/bsfw/bmcxfw/snyljgcx/201910/t20191031_209559.shtml
2020-01-30 17:37:47,197 [line:114] INFO 4351880640 Get 湖北省郧县叶大乡卫生院's data from http://wjw.hubei.gov.cn/bsfw/bmcxfw/snyljgcx/201910/t20191031_209558.shtml
2020-01-30 17:37:48,077 [line:114] INFO 4351880640 Get 湖北省郧县白桑中心卫生院's data from http://wjw.hubei.gov.cn/bsfw/bmcxfw/snyljgcx/201910/t20191031_209557.shtml
2020-01-30 17:37:48,486 [line:114] INFO 4351880640 Get 湖北省郧县五峰乡卫生院's data from http://wjw.hubei.gov.cn/bsfw/bmcxfw/snyljgcx/201910/t20191031_209553.shtml
2020-01-30 17:37:49,039 [line:114] INFO 4351880640 Get 湖北省郧县人民医院's data from http://wjw.hubei.gov.cn/bsfw/bmcxfw/snyljgcx/201910/t20191031_209552.shtml
2020-01-30 17:37:49,434 [line:114] INFO 4351880640 Get 湖北省郧县南化塘镇卫生院's data from http://wjw.hubei.gov.cn/bsfw/bmcxfw/snyljgcx/201910/t20191031_209551.shtml
2020-01-30 17:37:49,811 [line:114] INFO 4351880640 Get 湖北省郧县刘洞镇卫生院's data from http://wjw.hubei.gov.cn/bsfw/bmcxfw/snyljgcx/201910/t20191031_209550.shtml
2020-01-30 17:37:50,245 [line:114] INFO 4351880640 Get 湖北省房县人民医院's data from http://wjw.hubei.gov.cn/bsfw/bmcxfw/snyljgcx/201910/t20191031_209549.shtml
2020-01-30 17:37:50,594 [line:114] INFO 4351880640 Get 房县中医院's data from http://wjw.hubei.gov.cn/bsfw/bmcxfw/snyljgcx/201910/t20191031_209548.shtml
2020-01-30 17:37:50,960 [line:114] INFO 4351880640 Get 房县大木厂镇中心卫生院's data from http://wjw.hubei.gov.cn/bsfw/bmcxfw/snyljgcx/201910/t20191031_209547.shtml
2020-01-30 17:37:51,346 [line:114] INFO 4351880640 Get 房县化龙镇卫生院's data from http://wjw.hubei.gov.cn/bsfw/bmcxfw/snyljgcx/201910/t20191031_209546.shtml
2020-01-30 17:37:51,799 [line:114] INFO 4351880640 Get 房县疾病防治控制中心's data from http://wjw.hubei.gov.cn/bsfw/bmcxfw/snyljgcx/201910/t20191031_209545.shtml
2020-01-30 17:37:52,222 [line:114] INFO 4351880640 Get 房县上龛乡卫生院's data from http://wjw.hubei.gov.cn/bsfw/bmcxfw/snyljgcx/201910/t20191031_209544.shtml
2020-01-30 17:37:52,610 [line:114] INFO 4351880640 Get 房县门古寺镇中心卫生院's data from http://wjw.hubei.gov.cn/bsfw/bmcxfw/snyljgcx/201910/t20191031_209540.shtml
2020-01-30 17:37:52,980 [line:114] INFO 4351880640 Get 房县青峰镇中心卫生院's data from http://wjw.hubei.gov.cn/bsfw/bmcxfw/snyljgcx/201910/t20191031_209539.shtml
2020-01-30 17:37:53,439 [line:114] INFO 4351880640 Get 房县军店镇中心卫生院's data from http://wjw.hubei.gov.cn/bsfw/bmcxfw/snyljgcx/201910/t20191031_209538.shtml
2020-01-30 17:37:53,964 [line:114] INFO 4351880640 Get 房县卫生监督局's data from http://wjw.hubei.gov.cn/bsfw/bmcxfw/snyljgcx/201910/t20191031_209537.shtml
2020-01-30 17:37:54,400 [line:114] INFO 4351880640 Get 湖北房县妇幼保健院's data from http://wjw.hubei.gov.cn/bsfw/bmcxfw/snyljgcx/201910/t20191031_209536.shtml
2020-01-30 17:37:54,818 [line:114] INFO 4351880640 Get 房县土城镇卫生院's data from http://wjw.hubei.gov.cn/bsfw/bmcxfw/snyljgcx/201910/t20191031_209535.shtml
2020-01-30 17:37:55,300 [line:114] INFO 4351880640 Get 房县回龙乡卫生院's data from http://wjw.hubei.gov.cn/bsfw/bmcxfw/snyljgcx/201910/t20191031_209534.shtml
2020-01-30 17:37:56,047 [line:114] INFO 4351880640 Get 房县白窝乡卫生院's data from http://wjw.hubei.gov.cn/bsfw/bmcxfw/snyljgcx/201910/t20191031_209543.shtml
2020-01-30 17:37:56,487 [line:114] INFO 4351880640 Get 湖北省房县皮肤病防治所's data from http://wjw.hubei.gov.cn/bsfw/bmcxfw/snyljgcx/201910/t20191031_209542.shtml
2020-01-30 17:37:56,916 [line:114] INFO 4351880640 Get 房县卫生职工中等专业学校's data from http://wjw.hubei.gov.cn/bsfw/bmcxfw/snyljgcx/201910/t20191031_209541.shtml
2020-01-30 17:37:57,330 [line:114] INFO 4351880640 Get 大冶有色金属公司总医院's data from http://wjw.hubei.gov.cn/bsfw/bmcxfw/snyljgcx/201910/t20191031_209524.shtml
2020-01-30 17:37:57,774 [line:114] INFO 4351880640 Get 黄石市团城山骨科医院's data from http://wjw.hubei.gov.cn/bsfw/bmcxfw/snyljgcx/201910/t20191031_209523.shtml
2020-01-30 17:37:58,167 [line:114] INFO 4351880640 Get 房县沙河乡卫生院's data from http://wjw.hubei.gov.cn/bsfw/bmcxfw/snyljgcx/201910/t20191031_209533.shtml
2020-01-30 17:37:58,566 [line:114] INFO 4351880640 Get 房县姚坪乡卫生院's data from http://wjw.hubei.gov.cn/bsfw/bmcxfw/snyljgcx/201910/t20191031_209532.shtml
2020-01-30 17:37:59,018 [line:114] INFO 4351880640 Get 房县红塔卫生院's data from http://wjw.hubei.gov.cn/bsfw/bmcxfw/snyljgcx/201910/t20191031_209531.shtml
2020-01-30 17:37:59,898 [line:114] INFO 4351880640 Get 黄石市明康医院's data from http://wjw.hubei.gov.cn/bsfw/bmcxfw/snyljgcx/201910/t20191031_209530.shtml
2020-01-30 17:38:00,330 [line:114] INFO 4351880640 Get 黄石市中心医院's data from http://wjw.hubei.gov.cn/bsfw/bmcxfw/snyljgcx/201910/t20191031_209529.shtml
2020-01-30 17:38:00,674 [line:114] INFO 4351880640 Get 黄石市下陆区社区卫生服务中心's data from http://wjw.hubei.gov.cn/bsfw/bmcxfw/snyljgcx/201910/t20191031_209528.shtml
2020-01-30 17:38:01,074 [line:114] INFO 4351880640 Get 大冶有色金属公司卫生防疫站's data from http://wjw.hubei.gov.cn/bsfw/bmcxfw/snyljgcx/201910/t20191031_209527.shtml
2020-01-30 17:38:01,430 [line:114] INFO 4351880640 Get 大冶有色金属公司铜绿山矿医院's data from http://wjw.hubei.gov.cn/bsfw/bmcxfw/snyljgcx/201910/t20191031_209526.shtml
2020-01-30 17:38:01,821 [line:114] INFO 4351880640 Get 武钢矿业有限责任公司金山店铁矿职工医院's data from http://wjw.hubei.gov.cn/bsfw/bmcxfw/snyljgcx/201910/t20191031_209525.shtml
2020-01-30 17:38:02,828 [line:114] INFO 4351880640 Get 黄石市团城山街道医院's data from http://wjw.hubei.gov.cn/bsfw/bmcxfw/snyljgcx/201910/t20191031_209522.shtml
2020-01-30 17:38:04,257 [line:114] INFO 4351880640 Get 黄石市精神病医院's data from http://wjw.hubei.gov.cn/bsfw/bmcxfw/snyljgcx/201910/t20191031_209521.shtml
2020-01-30 17:38:04,705 [line:114] INFO 4351880640 Get 大冶铁矿职工医院's data from http://wjw.hubei.gov.cn/bsfw/bmcxfw/snyljgcx/201910/t20191031_209520.shtml
2020-01-30 17:38:05,058 [line:114] INFO 4351880640 Get 铁山区社区卫生服务中心's data from http://wjw.hubei.gov.cn/bsfw/bmcxfw/snyljgcx/201910/t20191031_209519.shtml
2020-01-30 17:38:05,475 [line:114] INFO 4351880640 Get 黄石市妇幼保健院's data from http://wjw.hubei.gov.cn/bsfw/bmcxfw/snyljgcx/201910/t20191031_209518.shtml
2020-01-30 17:38:05,830 [line:114] INFO 4351880640 Get 华新集团有限公司职工医院's data from http://wjw.hubei.gov.cn/bsfw/bmcxfw/snyljgcx/201910/t20191031_209517.shtml
2020-01-30 17:38:06,250 [line:114] INFO 4351880640 Get 黄石市卫生监督所's data from http://wjw.hubei.gov.cn/bsfw/bmcxfw/snyljgcx/201910/t20191031_209516.shtml
2020-01-30 17:38:06,599 [line:114] INFO 4351880640 Get 黄石市疾病预防控制中心's data from http://wjw.hubei.gov.cn/bsfw/bmcxfw/snyljgcx/201910/t20191031_209515.shtml
2020-01-30 17:38:07,026 [line:114] INFO 4351880640 Get 黄石市第七医院's data from http://wjw.hubei.gov.cn/bsfw/bmcxfw/snyljgcx/201910/t20191031_209514.shtml
2020-01-30 17:38:08,038 [line:114] INFO 4351880640 Get 黄石市黄石港区社区卫生服务中心's data from http://wjw.hubei.gov.cn/bsfw/bmcxfw/snyljgcx/201910/t20191031_209513.shtml
2020-01-30 17:38:08,440 [line:114] INFO 4351880640 Get 宜城市李当博爱医院's data from http://wjw.hubei.gov.cn/bsfw/bmcxfw/snyljgcx/201910/t20191031_209508.shtml
2020-01-30 17:38:08,812 [line:114] INFO 4351880640 Get 宜城市玛丽龙头医院's data from http://wjw.hubei.gov.cn/bsfw/bmcxfw/snyljgcx/201910/t20191031_209507.shtml
2020-01-30 17:38:09,312 [line:114] INFO 4351880640 Get 宜城市三友医院's data from http://wjw.hubei.gov.cn/bsfw/bmcxfw/snyljgcx/201910/t20191031_209506.shtml
2020-01-30 17:38:09,718 [line:114] INFO 4351880640 Get 宜城市盛康医院's data from http://wjw.hubei.gov.cn/bsfw/bmcxfw/snyljgcx/201910/t20191031_209505.shtml
2020-01-30 17:38:10,230 [line:114] INFO 4351880640 Get 宜城市王集杨德医院's data from http://wjw.hubei.gov.cn/bsfw/bmcxfw/snyljgcx/201910/t20191031_209504.shtml
2020-01-30 17:38:10,738 [line:114] INFO 4351880640 Get 宜城市先天医院's data from http://wjw.hubei.gov.cn/bsfw/bmcxfw/snyljgcx/201910/t20191031_209503.shtml
2020-01-30 17:38:11,174 [line:114] INFO 4351880640 Get 宜城市新街景瑞医院's data from http://wjw.hubei.gov.cn/bsfw/bmcxfw/snyljgcx/201910/t20191031_209502.shtml
2020-01-30 17:38:11,958 [line:114] INFO 4351880640 Get 黄石市血吸虫病防治所's data from http://wjw.hubei.gov.cn/bsfw/bmcxfw/snyljgcx/201910/t20191031_209512.shtml
2020-01-30 17:38:12,398 [line:114] INFO 4351880640 Get 黄石市中医医院's data from http://wjw.hubei.gov.cn/bsfw/bmcxfw/snyljgcx/201910/t20191031_209511.shtml
2020-01-30 17:38:13,064 [line:114] INFO 4351880640 Get 黄石市临床检验中心's data from http://wjw.hubei.gov.cn/bsfw/bmcxfw/snyljgcx/201910/t20191031_209510.shtml
2020-01-30 17:38:13,663 [line:114] INFO 4351880640 Get 黄石普仁医院's data from http://wjw.hubei.gov.cn/bsfw/bmcxfw/snyljgcx/201910/t20191031_209509.shtml
2020-01-30 17:38:15,212 [line:114] INFO 4351880640 Get 宜城市朱市益康医院's data from http://wjw.hubei.gov.cn/bsfw/bmcxfw/snyljgcx/201910/t20191031_209501.shtml
2020-01-30 17:38:15,819 [line:114] INFO 4351880640 Get 丹江口市土关垭乡卫生院's data from http://wjw.hubei.gov.cn/bsfw/bmcxfw/snyljgcx/201910/t20191031_209500.shtml
2020-01-30 17:38:16,465 [line:114] INFO 4351880640 Get 丹江口市皮肤病防治所's data from http://wjw.hubei.gov.cn/bsfw/bmcxfw/snyljgcx/201910/t20191031_209499.shtml
2020-01-30 17:38:18,813 [line:114] INFO 4351880640 Get 丹江口市六里坪镇中心卫生院's data from http://wjw.hubei.gov.cn/bsfw/bmcxfw/snyljgcx/201910/t20191031_209498.shtml
2020-01-30 17:38:25,568 [line:100] INFO 4351880640 Get data from 100 to 200
2020-01-30 17:38:25,569 [line:114] INFO 4351880640 Get 丹江口市均州路卫生院's data from http://wjw.hubei.gov.cn/bsfw/bmcxfw/snyljgcx/201910/t20191031_209497.shtml
2020-01-30 17:38:26,199 [line:114] INFO 4351880640 Get 丹江口市第一医院's data from http://wjw.hubei.gov.cn/bsfw/bmcxfw/snyljgcx/201910/t20191031_209496.shtml
2020-01-30 17:38:26,579 [line:114] INFO 4351880640 Get 丹江口市妇幼保健院's data from http://wjw.hubei.gov.cn/bsfw/bmcxfw/snyljgcx/201910/t20191031_209495.shtml
2020-01-30 17:38:26,975 [line:114] INFO 4351880640 Get 丹江口市土台乡卫生院's data from http://wjw.hubei.gov.cn/bsfw/bmcxfw/snyljgcx/201910/t20191031_209494.shtml
2020-01-30 17:38:27,333 [line:114] INFO 4351880640 Get 丹江口市凉水河镇中心卫生院's data from http://wjw.hubei.gov.cn/bsfw/bmcxfw/snyljgcx/201910/t20191031_209493.shtml
2020-01-30 17:38:28,006 [line:114] INFO 4351880640 Get 丹江口市中医院's data from http://wjw.hubei.gov.cn/bsfw/bmcxfw/snyljgcx/201910/t20191031_209492.shtml
2020-01-30 17:38:28,450 [line:114] INFO 4351880640 Get 丹江口市大坝路办事处卫生院's data from http://wjw.hubei.gov.cn/bsfw/bmcxfw/snyljgcx/201910/t20191031_209491.shtml
2020-01-30 17:38:28,813 [line:114] INFO 4351880640 Get 丹江口市卫生学校附属医院's data from http://wjw.hubei.gov.cn/bsfw/bmcxfw/snyljgcx/201910/t20191031_209490.shtml
2020-01-30 17:38:29,207 [line:114] INFO 4351880640 Get 丹江口市浪河镇中心卫生院's data from http://wjw.hubei.gov.cn/bsfw/bmcxfw/snyljgcx/201910/t20191031_209489.shtml
2020-01-30 17:38:31,112 [line:114] INFO 4351880640 Get 丹江口市石鼓镇卫生院's data from http://wjw.hubei.gov.cn/bsfw/bmcxfw/snyljgcx/201910/t20191031_209488.shtml
2020-01-30 17:38:31,655 [line:114] INFO 4351880640 Get 丹江口市盐池河镇卫生院's data from http://wjw.hubei.gov.cn/bsfw/bmcxfw/snyljgcx/201910/t20191031_209487.shtml
2020-01-30 17:38:32,333 [line:114] INFO 4351880640 Get 丹江口市丁家营镇卫生院's data from http://wjw.hubei.gov.cn/bsfw/bmcxfw/snyljgcx/201910/t20191031_209486.shtml
2020-01-30 17:38:32,992 [line:114] INFO 4351880640 Get 丹江口市习家店镇中心卫生院's data from http://wjw.hubei.gov.cn/bsfw/bmcxfw/snyljgcx/201910/t20191031_209485.shtml
2020-01-30 17:38:33,387 [line:114] INFO 4351880640 Get 宜都市妇幼保健院's data from http://wjw.hubei.gov.cn/bsfw/bmcxfw/snyljgcx/201910/t20191031_209484.shtml
2020-01-30 17:38:33,773 [line:114] INFO 4351880640 Get 宜都市高坝洲镇卫生院's data from http://wjw.hubei.gov.cn/bsfw/bmcxfw/snyljgcx/201910/t20191031_209483.shtml
2020-01-30 17:38:34,159 [line:114] INFO 4351880640 Get 宜都市松木坪镇卫生院's data from http://wjw.hubei.gov.cn/bsfw/bmcxfw/snyljgcx/201910/t20191031_209482.shtml
2020-01-30 17:38:34,588 [line:114] INFO 4351880640 Get 宜都市姚家店乡卫生院's data from http://wjw.hubei.gov.cn/bsfw/bmcxfw/snyljgcx/201910/t20191031_209481.shtml
2020-01-30 17:38:35,000 [line:114] INFO 4351880640 Get 宜都市潘家湾土家族乡卫生院's data from http://wjw.hubei.gov.cn/bsfw/bmcxfw/snyljgcx/201910/t20191031_209480.shtml
2020-01-30 17:38:36,117 [line:114] INFO 4351880640 Get 宜都市红花套镇卫生院's data from http://wjw.hubei.gov.cn/bsfw/bmcxfw/snyljgcx/201910/t20191031_209479.shtml
2020-01-30 17:38:36,503 [line:114] INFO 4351880640 Get 宜都市王家畈乡卫生院's data from http://wjw.hubei.gov.cn/bsfw/bmcxfw/snyljgcx/201910/t20191031_209478.shtml
2020-01-30 17:38:36,878 [line:114] INFO 4351880640 Get 十堰市中医院's data from http://wjw.hubei.gov.cn/bsfw/bmcxfw/snyljgcx/201910/t20191031_209477.shtml
2020-01-30 17:38:37,268 [line:114] INFO 4351880640 Get 十堰市中心血站's data from http://wjw.hubei.gov.cn/bsfw/bmcxfw/snyljgcx/201910/t20191031_209476.shtml
2020-01-30 17:38:38,298 [line:114] INFO 4351880640 Get 远安县苟家垭镇中心卫生院's data from http://wjw.hubei.gov.cn/bsfw/bmcxfw/snyljgcx/201910/t20191031_209475.shtml
2020-01-30 17:38:38,642 [line:114] INFO 4351880640 Get 远安县茅坪场镇卫生院's data from http://wjw.hubei.gov.cn/bsfw/bmcxfw/snyljgcx/201910/t20191031_209474.shtml
2020-01-30 17:38:39,067 [line:114] INFO 4351880640 Get 远安县洋坪镇中心卫生院's data from http://wjw.hubei.gov.cn/bsfw/bmcxfw/snyljgcx/201910/t20191031_209473.shtml
2020-01-30 17:38:39,457 [line:114] INFO 4351880640 Get 湖北省郧县妇幼保健院's data from http://wjw.hubei.gov.cn/bsfw/bmcxfw/snyljgcx/201910/t20191031_209472.shtml
2020-01-30 17:38:40,933 [line:114] INFO 4351880640 Get 湖北省郧县胡家营镇卫生院's data from http://wjw.hubei.gov.cn/bsfw/bmcxfw/snyljgcx/201910/t20191031_209471.shtml
2020-01-30 17:38:41,355 [line:114] INFO 4351880640 Get 武当山特区疾控中心's data from http://wjw.hubei.gov.cn/bsfw/bmcxfw/snyljgcx/201910/t20191031_209470.shtml
2020-01-30 17:38:42,072 [line:114] INFO 4351880640 Get 武当山特区医院's data from http://wjw.hubei.gov.cn/bsfw/bmcxfw/snyljgcx/201910/t20191031_209469.shtml
2020-01-30 17:38:42,559 [line:114] INFO 4351880640 Get 武当山特区济民医院's data from http://wjw.hubei.gov.cn/bsfw/bmcxfw/snyljgcx/201910/t20191031_209468.shtml
2020-01-30 17:38:43,027 [line:114] INFO 4351880640 Get 武当山特区红十字急救中心's data from http://wjw.hubei.gov.cn/bsfw/bmcxfw/snyljgcx/201910/t20191031_209467.shtml
2020-01-30 17:38:43,900 [line:114] INFO 4351880640 Get 丹江口市卫生监督局's data from http://wjw.hubei.gov.cn/bsfw/bmcxfw/snyljgcx/201910/t20191031_209459.shtml
2020-01-30 17:38:44,337 [line:114] INFO 4351880640 Get 丹江口市大沟卫生院's data from http://wjw.hubei.gov.cn/bsfw/bmcxfw/snyljgcx/201910/t20191031_209458.shtml
2020-01-30 17:38:44,712 [line:114] INFO 4351880640 Get 郧阳医学院白浪医院's data from http://wjw.hubei.gov.cn/bsfw/bmcxfw/snyljgcx/201910/t20191031_209466.shtml
2020-01-30 17:38:45,385 [line:114] INFO 4351880640 Get 十堰市人民医院's data from http://wjw.hubei.gov.cn/bsfw/bmcxfw/snyljgcx/201910/t20191031_209465.shtml
2020-01-30 17:38:45,741 [line:114] INFO 4351880640 Get 十堰市卫生局卫生监督局's data from http://wjw.hubei.gov.cn/bsfw/bmcxfw/snyljgcx/201910/t20191031_209464.shtml
2020-01-30 17:38:46,143 [line:114] INFO 4351880640 Get 汉江水利水电（集团）责任公司汉江医院's data from http://wjw.hubei.gov.cn/bsfw/bmcxfw/snyljgcx/201910/t20191031_209463.shtml
2020-01-30 17:38:47,187 [line:114] INFO 4351880640 Get 丹江口市疾病预防控制中心's data from http://wjw.hubei.gov.cn/bsfw/bmcxfw/snyljgcx/201910/t20191031_209462.shtml
2020-01-30 17:38:47,887 [line:114] INFO 4351880640 Get 十堰市医学科技学校's data from http://wjw.hubei.gov.cn/bsfw/bmcxfw/snyljgcx/201910/t20191031_209461.shtml
2020-01-30 17:38:48,289 [line:114] INFO 4351880640 Get 丹江口市新港卫生院's data from http://wjw.hubei.gov.cn/bsfw/bmcxfw/snyljgcx/201910/t20191031_209456.shtml
2020-01-30 17:38:48,670 [line:114] INFO 4351880640 Get 丹江口市蒿坪乡卫生院's data from http://wjw.hubei.gov.cn/bsfw/bmcxfw/snyljgcx/201910/t20191031_209454.shtml
2020-01-30 17:38:49,142 [line:114] INFO 4351880640 Get 丹江口市白杨坪乡卫生院's data from http://wjw.hubei.gov.cn/bsfw/bmcxfw/snyljgcx/201910/t20191031_209453.shtml
2020-01-30 17:38:49,521 [line:114] INFO 4351880640 Get 丹江口市官山镇卫生院's data from http://wjw.hubei.gov.cn/bsfw/bmcxfw/snyljgcx/201910/t20191031_209451.shtml
2020-01-30 17:38:50,026 [line:114] INFO 4351880640 Get 远安县卫生局卫生监督局's data from http://wjw.hubei.gov.cn/bsfw/bmcxfw/snyljgcx/201910/t20191031_209449.shtml
2020-01-30 17:38:50,399 [line:114] INFO 4351880640 Get 远安县人民医院's data from http://wjw.hubei.gov.cn/bsfw/bmcxfw/snyljgcx/201910/t20191031_209448.shtml
2020-01-30 17:38:50,867 [line:114] INFO 4351880640 Get 宜都市卫生监督中心's data from http://wjw.hubei.gov.cn/bsfw/bmcxfw/snyljgcx/201910/t20191031_209446.shtml
2020-01-30 17:38:51,296 [line:114] INFO 4351880640 Get 宜昌市夷陵区疾病预防控制中心's data from http://wjw.hubei.gov.cn/bsfw/bmcxfw/snyljgcx/201910/t20191031_209434.shtml
2020-01-30 17:38:52,213 [line:114] INFO 4351880640 Get 宜都市疾病预防控制中心's data from http://wjw.hubei.gov.cn/bsfw/bmcxfw/snyljgcx/201910/t20191031_209445.shtml
2020-01-30 17:38:52,642 [line:114] INFO 4351880640 Get 宜昌市夷陵区卫生监督所's data from http://wjw.hubei.gov.cn/bsfw/bmcxfw/snyljgcx/201910/t20191031_209443.shtml
2020-01-30 17:38:53,187 [line:114] INFO 4351880640 Get 宜昌市夷陵医院's data from http://wjw.hubei.gov.cn/bsfw/bmcxfw/snyljgcx/201910/t20191031_209442.shtml
2020-01-30 17:38:54,198 [line:114] INFO 4351880640 Get 国营６１２厂职工医院's data from http://wjw.hubei.gov.cn/bsfw/bmcxfw/snyljgcx/201910/t20191031_209440.shtml
2020-01-30 17:38:54,635 [line:114] INFO 4351880640 Get 宜昌市夷陵区樟村坪镇卫生院's data from http://wjw.hubei.gov.cn/bsfw/bmcxfw/snyljgcx/201910/t20191031_209438.shtml
2020-01-30 17:38:55,058 [line:114] INFO 4351880640 Get 宜昌市夷陵区鸦鹊岭镇中心卫生院's data from http://wjw.hubei.gov.cn/bsfw/bmcxfw/snyljgcx/201910/t20191031_209437.shtml
2020-01-30 17:38:56,930 [line:114] INFO 4351880640 Get 宜昌市夷陵区邓村乡卫生院's data from http://wjw.hubei.gov.cn/bsfw/bmcxfw/snyljgcx/201910/t20191031_209435.shtml
2020-01-30 17:38:59,998 [line:114] INFO 4351880640 Get 宜昌市夷陵区太平溪镇中心卫生院's data from http://wjw.hubei.gov.cn/bsfw/bmcxfw/snyljgcx/201910/t20191031_209432.shtml
2020-01-30 17:39:01,619 [line:114] INFO 4351880640 Get 宜昌市夷陵区继续医学教育培训中心's data from http://wjw.hubei.gov.cn/bsfw/bmcxfw/snyljgcx/201910/t20191031_209430.shtml
2020-01-30 17:39:03,104 [line:114] INFO 4351880640 Get 宜昌市夷陵区晓溪塔街道卫生院's data from http://wjw.hubei.gov.cn/bsfw/bmcxfw/snyljgcx/201910/t20191031_209429.shtml
2020-01-30 17:39:03,506 [line:114] INFO 4351880640 Get 宜昌市夷陵区三斗坪镇卫生院's data from http://wjw.hubei.gov.cn/bsfw/bmcxfw/snyljgcx/201910/t20191031_209427.shtml
2020-01-30 17:39:05,112 [line:114] INFO 4351880640 Get 宜昌市夷陵区龙泉镇卫生院's data from http://wjw.hubei.gov.cn/bsfw/bmcxfw/snyljgcx/201910/t20191031_209426.shtml
2020-01-30 17:39:06,064 [line:114] INFO 4351880640 Get 宜昌市夷陵区乐天溪镇卫生院's data from http://wjw.hubei.gov.cn/bsfw/bmcxfw/snyljgcx/201910/t20191031_209424.shtml
2020-01-30 17:39:06,438 [line:114] INFO 4351880640 Get 宜昌市夷陵区黄花乡卫生院's data from http://wjw.hubei.gov.cn/bsfw/bmcxfw/snyljgcx/201910/t20191031_209423.shtml
2020-01-30 17:39:06,874 [line:114] INFO 4351880640 Get 宜昌市夷陵区分乡镇中心卫生院's data from http://wjw.hubei.gov.cn/bsfw/bmcxfw/snyljgcx/201910/t20191031_209421.shtml
2020-01-30 17:39:07,435 [line:114] INFO 4351880640 Get 宜昌市夷陵区妇幼保健院's data from http://wjw.hubei.gov.cn/bsfw/bmcxfw/snyljgcx/201910/t20191031_209419.shtml
2020-01-30 17:39:09,760 [line:114] INFO 4351880640 Get 核工业部２２建设公司职工医院's data from http://wjw.hubei.gov.cn/bsfw/bmcxfw/snyljgcx/201910/t20191031_209418.shtml
2020-01-30 17:39:10,171 [line:114] INFO 4351880640 Get 宜昌市夷陵区下堡坪乡卫生院's data from http://wjw.hubei.gov.cn/bsfw/bmcxfw/snyljgcx/201910/t20191031_209416.shtml
2020-01-30 17:39:10,651 [line:114] INFO 4351880640 Get 沙洋县毛李镇卫生院's data from http://wjw.hubei.gov.cn/bsfw/bmcxfw/snyljgcx/201910/t20191031_209414.shtml
2020-01-30 17:39:11,121 [line:114] INFO 4351880640 Get 沙洋县沙洋镇卫生院's data from http://wjw.hubei.gov.cn/bsfw/bmcxfw/snyljgcx/201910/t20191031_209413.shtml
2020-01-30 17:39:11,880 [line:114] INFO 4351880640 Get 沙洋县沈集镇中心卫生院's data from http://wjw.hubei.gov.cn/bsfw/bmcxfw/snyljgcx/201910/t20191031_209411.shtml
2020-01-30 17:39:12,789 [line:114] INFO 4351880640 Get 沙洋县十里铺镇卫生院's data from http://wjw.hubei.gov.cn/bsfw/bmcxfw/snyljgcx/201910/t20191031_209409.shtml
2020-01-30 17:39:13,287 [line:114] INFO 4351880640 Get 沙洋县五里铺镇中心卫生院's data from http://wjw.hubei.gov.cn/bsfw/bmcxfw/snyljgcx/201910/t20191031_209408.shtml
2020-01-30 17:39:13,857 [line:114] INFO 4351880640 Get 宜城市南营街道办事处卫生防疫和妇幼保健工作?'s data from http://wjw.hubei.gov.cn/bsfw/bmcxfw/snyljgcx/201910/t20191031_209406.shtml
2020-01-30 17:39:14,333 [line:114] INFO 4351880640 Get 宜城市郑集镇卫生防疫和妇幼保健工作站's data from http://wjw.hubei.gov.cn/bsfw/bmcxfw/snyljgcx/201910/t20191031_209405.shtml
2020-01-30 17:39:14,786 [line:114] INFO 4351880640 Get 宜城市孔湾镇防疫和妇幼保健工作站's data from http://wjw.hubei.gov.cn/bsfw/bmcxfw/snyljgcx/201910/t20191031_209403.shtml
2020-01-30 17:39:15,188 [line:114] INFO 4351880640 Get 宜城市刘猴镇防疫和妇幼保健工作站's data from http://wjw.hubei.gov.cn/bsfw/bmcxfw/snyljgcx/201910/t20191031_209401.shtml
2020-01-30 17:39:16,128 [line:114] INFO 4351880640 Get 宜城市雷河发展区防疫和妇幼保健工作站's data from http://wjw.hubei.gov.cn/bsfw/bmcxfw/snyljgcx/201910/t20191031_209400.shtml
2020-01-30 17:39:16,584 [line:114] INFO 4351880640 Get 宜城市小河镇防疫和妇幼保健工作站's data from http://wjw.hubei.gov.cn/bsfw/bmcxfw/snyljgcx/201910/t20191031_209398.shtml
2020-01-30 17:39:17,001 [line:114] INFO 4351880640 Get 宜城市鄢城街道办事处防疫和妇幼保健工作站's data from http://wjw.hubei.gov.cn/bsfw/bmcxfw/snyljgcx/201910/t20191031_209397.shtml
2020-01-30 17:39:17,461 [line:114] INFO 4351880640 Get 宜城市中医医院's data from http://wjw.hubei.gov.cn/bsfw/bmcxfw/snyljgcx/201910/t20191031_209395.shtml
2020-01-30 17:39:17,966 [line:114] INFO 4351880640 Get 巴东县溪丘湾乡卫生院's data from http://wjw.hubei.gov.cn/bsfw/bmcxfw/snyljgcx/201910/t20191031_209393.shtml
2020-01-30 17:39:18,490 [line:114] INFO 4351880640 Get 巴东县疾病预防控制中心's data from http://wjw.hubei.gov.cn/bsfw/bmcxfw/snyljgcx/201910/t20191031_209392.shtml
2020-01-30 17:39:19,052 [line:114] INFO 4351880640 Get 巴东县妇幼保健院's data from http://wjw.hubei.gov.cn/bsfw/bmcxfw/snyljgcx/201910/t20191031_209390.shtml
2020-01-30 17:39:19,975 [line:114] INFO 4351880640 Get 巴东县绿葱坡镇卫生院's data from http://wjw.hubei.gov.cn/bsfw/bmcxfw/snyljgcx/201910/t20191031_209388.shtml
2020-01-30 17:39:20,383 [line:114] INFO 4351880640 Get 巴东县茶店子镇中心卫生院's data from http://wjw.hubei.gov.cn/bsfw/bmcxfw/snyljgcx/201910/t20191031_209387.shtml
2020-01-30 17:39:20,742 [line:114] INFO 4351880640 Get 巴东县清太坪镇卫生院's data from http://wjw.hubei.gov.cn/bsfw/bmcxfw/snyljgcx/201910/t20191031_209382.shtml
2020-01-30 17:39:21,188 [line:114] INFO 4351880640 Get 巴东县东壤口镇卫生院's data from http://wjw.hubei.gov.cn/bsfw/bmcxfw/snyljgcx/201910/t20191031_209381.shtml
2020-01-30 17:39:21,605 [line:114] INFO 4351880640 Get 巴东县水布垭镇中心卫生院's data from http://wjw.hubei.gov.cn/bsfw/bmcxfw/snyljgcx/201910/t20191031_209379.shtml
2020-01-30 17:39:22,024 [line:114] INFO 4351880640 Get 南漳县李庙镇闫坪卫生院's data from http://wjw.hubei.gov.cn/bsfw/bmcxfw/snyljgcx/201910/t20191031_209377.shtml
2020-01-30 17:39:22,429 [line:114] INFO 4351880640 Get 南漳县薛坪镇三景卫生院's data from http://wjw.hubei.gov.cn/bsfw/bmcxfw/snyljgcx/201910/t20191031_209376.shtml
2020-01-30 17:39:22,802 [line:114] INFO 4351880640 Get 湖北省郧县城关镇卫生院's data from http://wjw.hubei.gov.cn/bsfw/bmcxfw/snyljgcx/201910/t20191031_209374.shtml
2020-01-30 17:39:23,412 [line:114] INFO 4351880640 Get 巴东县大支坪镇卫生院's data from http://wjw.hubei.gov.cn/bsfw/bmcxfw/snyljgcx/201910/t20191031_209385.shtml
2020-01-30 17:39:24,248 [line:114] INFO 4351880640 Get 巴东县沿渡河镇中心卫生院's data from http://wjw.hubei.gov.cn/bsfw/bmcxfw/snyljgcx/201910/t20191031_209384.shtml
2020-01-30 17:39:24,658 [line:114] INFO 4351880640 Get 湖北省郧县青曲镇卫生院's data from http://wjw.hubei.gov.cn/bsfw/bmcxfw/snyljgcx/201910/t20191031_209372.shtml
2020-01-30 17:39:25,043 [line:114] INFO 4351880640 Get 湖北省郧县白浪镇卫生院's data from http://wjw.hubei.gov.cn/bsfw/bmcxfw/snyljgcx/201910/t20191031_209371.shtml
2020-01-30 17:39:25,463 [line:114] INFO 4351880640 Get 南漳县武安镇卫生院's data from http://wjw.hubei.gov.cn/bsfw/bmcxfw/snyljgcx/201910/t20191031_209369.shtml
2020-01-30 17:39:25,853 [line:114] INFO 4351880640 Get 阳新县排市镇卫生院's data from http://wjw.hubei.gov.cn/bsfw/bmcxfw/snyljgcx/201910/t20191031_209368.shtml
2020-01-30 17:39:26,313 [line:114] INFO 4351880640 Get 阳新县人民医院's data from http://wjw.hubei.gov.cn/bsfw/bmcxfw/snyljgcx/201910/t20191031_209366.shtml
2020-01-30 17:39:26,785 [line:114] INFO 4351880640 Get 阳新县浮屠镇卫生院's data from http://wjw.hubei.gov.cn/bsfw/bmcxfw/snyljgcx/201910/t20191031_209364.shtml
2020-01-30 17:39:27,238 [line:114] INFO 4351880640 Get 阳新县大王镇卫生院's data from http://wjw.hubei.gov.cn/bsfw/bmcxfw/snyljgcx/201910/t20191031_209363.shtml
2020-01-30 17:39:28,757 [line:114] INFO 4351880640 Get 阳新县卫生局卫生监督所's data from http://wjw.hubei.gov.cn/bsfw/bmcxfw/snyljgcx/201910/t20191031_209356.shtml
2020-01-30 17:39:29,227 [line:114] INFO 4351880640 Get 阳新县卫生防疫站's data from http://wjw.hubei.gov.cn/bsfw/bmcxfw/snyljgcx/201910/t20191031_209355.shtml
2020-01-30 17:39:35,108 [line:100] INFO 4351880640 Get data from 200 to 261
2020-01-30 17:39:35,108 [line:114] INFO 4351880640 Get 阳新县龙港镇中心卫生院's data from http://wjw.hubei.gov.cn/bsfw/bmcxfw/snyljgcx/201910/t20191031_209353.shtml
2020-01-30 17:39:35,983 [line:114] INFO 4351880640 Get 阳新县富池镇卫生院's data from http://wjw.hubei.gov.cn/bsfw/bmcxfw/snyljgcx/201910/t20191031_209352.shtml
2020-01-30 17:39:36,813 [line:114] INFO 4351880640 Get 阳新县枫林镇中心卫生院's data from http://wjw.hubei.gov.cn/bsfw/bmcxfw/snyljgcx/201910/t20191031_209361.shtml
2020-01-30 17:39:37,363 [line:114] INFO 4351880640 Get 阳新县王英乡卫生院's data from http://wjw.hubei.gov.cn/bsfw/bmcxfw/snyljgcx/201910/t20191031_209359.shtml
2020-01-30 17:39:38,917 [line:114] INFO 4351880640 Get 阳新县中医院's data from http://wjw.hubei.gov.cn/bsfw/bmcxfw/snyljgcx/201910/t20191031_209358.shtml
2020-01-30 17:39:39,399 [line:114] INFO 4351880640 Get 湖北省郧县茶店镇卫生院's data from http://wjw.hubei.gov.cn/bsfw/bmcxfw/snyljgcx/201910/t20191031_209350.shtml
2020-01-30 17:39:42,509 [line:114] INFO 4351880640 Get 湖北省郧县大柳乡卫生院's data from http://wjw.hubei.gov.cn/bsfw/bmcxfw/snyljgcx/201910/t20191031_209349.shtml
2020-01-30 17:39:43,051 [line:114] INFO 4351880640 Get 湖北省郧县青山镇卫生院's data from http://wjw.hubei.gov.cn/bsfw/bmcxfw/snyljgcx/201910/t20191031_209348.shtml
2020-01-30 17:39:43,600 [line:114] INFO 4351880640 Get 宜昌市夷陵区雾渡河镇中心卫生院's data from http://wjw.hubei.gov.cn/bsfw/bmcxfw/snyljgcx/201910/t20191031_209347.shtml
2020-01-30 17:39:43,963 [line:114] INFO 4351880640 Get 宜昌市中医院's data from http://wjw.hubei.gov.cn/bsfw/bmcxfw/snyljgcx/201910/t20191031_209346.shtml
2020-01-30 17:39:44,510 [line:114] INFO 4351880640 Get 宜昌市第一人民医院's data from http://wjw.hubei.gov.cn/bsfw/bmcxfw/snyljgcx/201910/t20191031_209345.shtml
2020-01-30 17:39:45,047 [line:114] INFO 4351880640 Get 葛洲坝集团卫生防病中心's data from http://wjw.hubei.gov.cn/bsfw/bmcxfw/snyljgcx/201910/t20191031_209344.shtml
2020-01-30 17:39:47,223 [line:114] INFO 4351880640 Get 宜昌市城区血吸虫病防治所's data from http://wjw.hubei.gov.cn/bsfw/bmcxfw/snyljgcx/201910/t20191031_209343.shtml
2020-01-30 17:39:47,757 [line:114] INFO 4351880640 Get 五峰土家族自治县长乐坪镇卫生院's data from http://wjw.hubei.gov.cn/bsfw/bmcxfw/snyljgcx/201910/t20191031_209335.shtml
2020-01-30 17:39:48,197 [line:114] INFO 4351880640 Get 五峰土家族自治县中医医院's data from http://wjw.hubei.gov.cn/bsfw/bmcxfw/snyljgcx/201910/t20191031_209333.shtml
2020-01-30 17:39:48,595 [line:114] INFO 4351880640 Get 五峰土家族自治县五峰镇卫生院's data from http://wjw.hubei.gov.cn/bsfw/bmcxfw/snyljgcx/201910/t20191031_209332.shtml
2020-01-30 17:39:49,002 [line:114] INFO 4351880640 Get 宜昌市卫生幼儿园's data from http://wjw.hubei.gov.cn/bsfw/bmcxfw/snyljgcx/201910/t20191031_209341.shtml
2020-01-30 17:39:49,377 [line:114] INFO 4351880640 Get 五峰土家族自治县人民医院's data from http://wjw.hubei.gov.cn/bsfw/bmcxfw/snyljgcx/201910/t20191031_209340.shtml
2020-01-30 17:39:49,740 [line:114] INFO 4351880640 Get 五峰土家族自治县采花乡中心卫生院's data from http://wjw.hubei.gov.cn/bsfw/bmcxfw/snyljgcx/201910/t20191031_209338.shtml
2020-01-30 17:39:50,226 [line:114] INFO 4351880640 Get 五峰土家族自治县付家堰乡卫生院's data from http://wjw.hubei.gov.cn/bsfw/bmcxfw/snyljgcx/201910/t20191031_209337.shtml
2020-01-30 17:39:50,721 [line:114] INFO 4351880640 Get 五峰土家族自治县牛庄乡卫生院's data from http://wjw.hubei.gov.cn/bsfw/bmcxfw/snyljgcx/201910/t20191031_209330.shtml
2020-01-30 17:39:51,367 [line:114] INFO 4351880640 Get 五峰土家族自治县仁和坪镇卫生院's data from http://wjw.hubei.gov.cn/bsfw/bmcxfw/snyljgcx/201910/t20191031_209328.shtml
2020-01-30 17:39:51,766 [line:114] INFO 4351880640 Get 五峰土家族自治县渔洋关镇中心卫生院's data from http://wjw.hubei.gov.cn/bsfw/bmcxfw/snyljgcx/201910/t20191031_209327.shtml
2020-01-30 17:39:52,338 [line:114] INFO 4351880640 Get 丹江口市牛河卫生院's data from http://wjw.hubei.gov.cn/bsfw/bmcxfw/snyljgcx/201910/t20191031_209325.shtml
2020-01-30 17:39:52,994 [line:114] INFO 4351880640 Get 丹江口市三官殿办事处卫生院's data from http://wjw.hubei.gov.cn/bsfw/bmcxfw/snyljgcx/201910/t20191031_209323.shtml
2020-01-30 17:39:53,407 [line:114] INFO 4351880640 Get 丹江口市均县镇卫生院's data from http://wjw.hubei.gov.cn/bsfw/bmcxfw/snyljgcx/201910/t20191031_209322.shtml
2020-01-30 17:39:53,772 [line:114] INFO 4351880640 Get 十堰市正健生殖健康专科医院's data from http://wjw.hubei.gov.cn/bsfw/bmcxfw/snyljgcx/201910/t20191031_209320.shtml
2020-01-30 17:39:54,166 [line:114] INFO 4351880640 Get 阳新县黄桑口镇卫生院's data from http://wjw.hubei.gov.cn/bsfw/bmcxfw/snyljgcx/201910/t20191031_209318.shtml
2020-01-30 17:39:54,558 [line:114] INFO 4351880640 Get 利川市卫生局卫生监督大队's data from http://wjw.hubei.gov.cn/bsfw/bmcxfw/snyljgcx/201910/t20191031_209308.shtml
2020-01-30 17:39:55,055 [line:114] INFO 4351880640 Get 阳新县韦源口镇卫生院's data from http://wjw.hubei.gov.cn/bsfw/bmcxfw/snyljgcx/201910/t20191031_209317.shtml
2020-01-30 17:39:55,418 [line:114] INFO 4351880640 Get 阳新县血吸虫病防治所's data from http://wjw.hubei.gov.cn/bsfw/bmcxfw/snyljgcx/201910/t20191031_209315.shtml
2020-01-30 17:39:55,772 [line:114] INFO 4351880640 Get 黄石市下陆区东方卫生院's data from http://wjw.hubei.gov.cn/bsfw/bmcxfw/snyljgcx/201910/t20191031_209313.shtml
2020-01-30 17:39:56,141 [line:114] INFO 4351880640 Get 黄石市第五医院's data from http://wjw.hubei.gov.cn/bsfw/bmcxfw/snyljgcx/201910/t20191031_209312.shtml
2020-01-30 17:39:56,550 [line:114] INFO 4351880640 Get 巴东县金果坪乡卫生院's data from http://wjw.hubei.gov.cn/bsfw/bmcxfw/snyljgcx/201910/t20191031_209310.shtml
2020-01-30 17:39:56,956 [line:114] INFO 4351880640 Get 利川市文斗乡卫生院's data from http://wjw.hubei.gov.cn/bsfw/bmcxfw/snyljgcx/201910/t20191031_209307.shtml
2020-01-30 17:39:57,328 [line:114] INFO 4351880640 Get 利川市南坪乡卫生院's data from http://wjw.hubei.gov.cn/bsfw/bmcxfw/snyljgcx/201910/t20191031_209305.shtml
2020-01-30 17:39:57,711 [line:114] INFO 4351880640 Get 利川市凉务乡卫生院's data from http://wjw.hubei.gov.cn/bsfw/bmcxfw/snyljgcx/201910/t20191031_209303.shtml
2020-01-30 17:39:58,138 [line:114] INFO 4351880640 Get 利川市团堡镇卫生院's data from http://wjw.hubei.gov.cn/bsfw/bmcxfw/snyljgcx/201910/t20191031_209302.shtml
2020-01-30 17:39:58,660 [line:114] INFO 4351880640 Get 利川市东城街道办事处卫生院's data from http://wjw.hubei.gov.cn/bsfw/bmcxfw/snyljgcx/201910/t20191031_209300.shtml
2020-01-30 17:39:59,216 [line:114] INFO 4351880640 Get 利川市都亭街道办事处卫生院's data from http://wjw.hubei.gov.cn/bsfw/bmcxfw/snyljgcx/201910/t20191031_209298.shtml
2020-01-30 17:40:00,454 [line:114] INFO 4351880640 Get 利川市谋道镇卫生院's data from http://wjw.hubei.gov.cn/bsfw/bmcxfw/snyljgcx/201910/t20191031_209297.shtml
2020-01-30 17:40:00,858 [line:114] INFO 4351880640 Get 利川市民族中医院's data from http://wjw.hubei.gov.cn/bsfw/bmcxfw/snyljgcx/201910/t20191031_209295.shtml
2020-01-30 17:40:01,260 [line:114] INFO 4351880640 Get 利川市柏场坝镇卫生院's data from http://wjw.hubei.gov.cn/bsfw/bmcxfw/snyljgcx/201910/t20191031_209293.shtml
2020-01-30 17:40:01,595 [line:114] INFO 4351880640 Get 利川市毛坝乡中心卫生院's data from http://wjw.hubei.gov.cn/bsfw/bmcxfw/snyljgcx/201910/t20191031_209292.shtml
2020-01-30 17:40:02,018 [line:114] INFO 4351880640 Get 利川市建南镇卫生院's data from http://wjw.hubei.gov.cn/bsfw/bmcxfw/snyljgcx/201910/t20191031_209290.shtml
2020-01-30 17:40:02,386 [line:114] INFO 4351880640 Get 利川市元堡乡卫生院's data from http://wjw.hubei.gov.cn/bsfw/bmcxfw/snyljgcx/201910/t20191031_209289.shtml
2020-01-30 17:40:02,740 [line:114] INFO 4351880640 Get 利川市忠路镇卫生院's data from http://wjw.hubei.gov.cn/bsfw/bmcxfw/snyljgcx/201910/t20191031_209287.shtml
2020-01-30 17:40:03,110 [line:114] INFO 4351880640 Get 利川市疾病预防控制中心's data from http://wjw.hubei.gov.cn/bsfw/bmcxfw/snyljgcx/201910/t20191031_209285.shtml
2020-01-30 17:40:03,470 [line:114] INFO 4351880640 Get 利川市人民医院's data from http://wjw.hubei.gov.cn/bsfw/bmcxfw/snyljgcx/201910/t20191031_209282.shtml
2020-01-30 17:40:03,836 [line:114] INFO 4351880640 Get 利川市汪营镇卫生院's data from http://wjw.hubei.gov.cn/bsfw/bmcxfw/snyljgcx/201910/t20191031_209281.shtml
2020-01-30 17:40:04,229 [line:114] INFO 4351880640 Get 利川市沙溪乡卫生院's data from http://wjw.hubei.gov.cn/bsfw/bmcxfw/snyljgcx/201910/t20191031_209279.shtml
2020-01-30 17:40:04,613 [line:114] INFO 4351880640 Get 来凤县旧司乡中心卫生院's data from http://wjw.hubei.gov.cn/bsfw/bmcxfw/snyljgcx/201910/t20191031_209278.shtml
2020-01-30 17:40:04,966 [line:114] INFO 4351880640 Get 来凤县翔凤镇卫生院's data from http://wjw.hubei.gov.cn/bsfw/bmcxfw/snyljgcx/201910/t20191031_209276.shtml
2020-01-30 17:40:05,414 [line:114] INFO 4351880640 Get 来凤县三胡乡中心卫生院's data from http://wjw.hubei.gov.cn/bsfw/bmcxfw/snyljgcx/201910/t20191031_209275.shtml
2020-01-30 17:40:05,819 [line:114] INFO 4351880640 Get 冶钢集团有限公司医院's data from http://wjw.hubei.gov.cn/bsfw/bmcxfw/snyljgcx/201910/t20191031_209273.shtml
2020-01-30 17:40:06,198 [line:114] INFO 4351880640 Get 利川市民族妇幼保健院's data from http://wjw.hubei.gov.cn/bsfw/bmcxfw/snyljgcx/201910/t20191031_209284.shtml
2020-01-30 17:40:06,558 [line:114] INFO 4351880640 Get 大冶有色金属公司丰山铜矿医院's data from http://wjw.hubei.gov.cn/bsfw/bmcxfw/snyljgcx/201910/t20191031_209271.shtml
2020-01-30 17:40:07,070 [line:114] INFO 4351880640 Get 黄石市铁山人民医院's data from http://wjw.hubei.gov.cn/bsfw/bmcxfw/snyljgcx/201910/t20191031_209270.shtml
2020-01-30 17:40:07,489 [line:114] INFO 4351880640 Get 黄石市第四医院's data from http://wjw.hubei.gov.cn/bsfw/bmcxfw/snyljgcx/201910/t20191031_209268.shtml
2020-01-30 17:40:07,906 [line:114] INFO 4351880640 Get 黄石市第二医院's data from http://wjw.hubei.gov.cn/bsfw/bmcxfw/snyljgcx/201910/t20191031_209267.shtml
2020-01-30 17:40:08,322 [line:114] INFO 4351880640 Get 大冶有色公司铜山口矿职工医院's data from http://wjw.hubei.gov.cn/bsfw/bmcxfw/snyljgcx/201910/t20191031_209265.shtml
