2020-01-30 18:06:25,393 [line:66] INFO 4560158144 Get 2364 hospitals data
2020-01-30 18:06:25,400 [line:92] INFO 4560158144 Will save 3 files
2020-01-30 18:06:25,400 [line:100] INFO 4560158144 Get data from 0 to 100
2020-01-30 18:06:25,400 [line:114] INFO 4560158144 Get 2001 应城市古楼血吸虫病防治站's data from http://wjw.hubei.gov.cn/bsfw/bmcxfw/snyljgcx/201910/t20191031_206297.shtml
2020-01-30 18:06:35,875 [line:114] INFO 4560158144 Get 2002 应城市西湖血防组's data from http://wjw.hubei.gov.cn/bsfw/bmcxfw/snyljgcx/201910/t20191031_206295.shtml
2020-01-30 18:06:36,579 [line:114] INFO 4560158144 Get 2003 应城市杨岭镇中心卫生院's data from http://wjw.hubei.gov.cn/bsfw/bmcxfw/snyljgcx/201910/t20191031_206293.shtml
2020-01-30 18:06:37,398 [line:114] INFO 4560158144 Get 2004 应城市田店镇卫生院's data from http://wjw.hubei.gov.cn/bsfw/bmcxfw/snyljgcx/201910/t20191031_206291.shtml
2020-01-30 18:06:37,964 [line:114] INFO 4560158144 Get 2005 应城市四里棚办事处卫生院's data from http://wjw.hubei.gov.cn/bsfw/bmcxfw/snyljgcx/201910/t20191031_206289.shtml
2020-01-30 18:06:38,668 [line:114] INFO 4560158144 Get 2006 云梦县中医院's data from http://wjw.hubei.gov.cn/bsfw/bmcxfw/snyljgcx/201910/t20191031_206288.shtml
2020-01-30 18:06:39,299 [line:114] INFO 4560158144 Get 2007 云梦县城关镇卫生院's data from http://wjw.hubei.gov.cn/bsfw/bmcxfw/snyljgcx/201910/t20191031_206279.shtml
2020-01-30 18:06:39,887 [line:114] INFO 4560158144 Get 2008 云梦县倒店乡卫生院's data from http://wjw.hubei.gov.cn/bsfw/bmcxfw/snyljgcx/201910/t20191031_206277.shtml
2020-01-30 18:06:40,825 [line:114] INFO 4560158144 Get 2009 云梦县胡金店镇卫生院's data from http://wjw.hubei.gov.cn/bsfw/bmcxfw/snyljgcx/201910/t20191031_206275.shtml
2020-01-30 18:06:41,178 [line:114] INFO 4560158144 Get 2010 云梦县疾病预防控制中心's data from http://wjw.hubei.gov.cn/bsfw/bmcxfw/snyljgcx/201910/t20191031_206285.shtml
2020-01-30 18:06:41,574 [line:114] INFO 4560158144 Get 2011 云梦县人民医院's data from http://wjw.hubei.gov.cn/bsfw/bmcxfw/snyljgcx/201910/t20191031_206283.shtml
2020-01-30 18:06:41,951 [line:114] INFO 4560158144 Get 2012 云梦县伍洛镇卫生院's data from http://wjw.hubei.gov.cn/bsfw/bmcxfw/snyljgcx/201910/t20191031_206281.shtml
2020-01-30 18:06:42,365 [line:114] INFO 4560158144 Get 2013 云梦县道桥镇卫生院's data from http://wjw.hubei.gov.cn/bsfw/bmcxfw/snyljgcx/201910/t20191031_206273.shtml
2020-01-30 18:06:42,742 [line:114] INFO 4560158144 Get 2014 云梦县吴铺镇卫生院's data from http://wjw.hubei.gov.cn/bsfw/bmcxfw/snyljgcx/201910/t20191031_206271.shtml
2020-01-30 18:06:43,239 [line:114] INFO 4560158144 Get 2015 云梦县沙河乡卫生院's data from http://wjw.hubei.gov.cn/bsfw/bmcxfw/snyljgcx/201910/t20191031_206269.shtml
2020-01-30 18:06:44,130 [line:114] INFO 4560158144 Get 2016 云梦县隔蒲潭镇中心卫生院's data from http://wjw.hubei.gov.cn/bsfw/bmcxfw/snyljgcx/201910/t20191031_206267.shtml
2020-01-30 18:06:44,598 [line:114] INFO 4560158144 Get 2017 云梦县义堂镇中心卫生院's data from http://wjw.hubei.gov.cn/bsfw/bmcxfw/snyljgcx/201910/t20191031_206265.shtml
2020-01-30 18:06:45,008 [line:114] INFO 4560158144 Get 2018 孝昌县卫店镇卫生院's data from http://wjw.hubei.gov.cn/bsfw/bmcxfw/snyljgcx/201910/t20191031_206264.shtml
2020-01-30 18:06:45,409 [line:114] INFO 4560158144 Get 2019 孝昌县花西乡卫生院's data from http://wjw.hubei.gov.cn/bsfw/bmcxfw/snyljgcx/201910/t20191031_206263.shtml
2020-01-30 18:06:45,805 [line:114] INFO 4560158144 Get 2020 孝感市孝南区杨店卫生院's data from http://wjw.hubei.gov.cn/bsfw/bmcxfw/snyljgcx/201910/t20191031_206251.shtml
2020-01-30 18:06:46,178 [line:114] INFO 4560158144 Get 2021 孝昌县疾病预防控制中心's data from http://wjw.hubei.gov.cn/bsfw/bmcxfw/snyljgcx/201910/t20191031_206260.shtml
2020-01-30 18:06:46,592 [line:114] INFO 4560158144 Get 2022 孝昌县妇幼保健院's data from http://wjw.hubei.gov.cn/bsfw/bmcxfw/snyljgcx/201910/t20191031_206259.shtml
2020-01-30 18:06:46,937 [line:114] INFO 4560158144 Get 2023 国营武昌造船厂职工医院's data from http://wjw.hubei.gov.cn/bsfw/bmcxfw/snyljgcx/201910/t20191031_206257.shtml
2020-01-30 18:06:47,340 [line:114] INFO 4560158144 Get 2024 湖北船厂综合门诊部's data from http://wjw.hubei.gov.cn/bsfw/bmcxfw/snyljgcx/201910/t20191031_206256.shtml
2020-01-30 18:06:47,890 [line:114] INFO 4560158144 Get 2025 武昌车辆厂职工医院's data from http://wjw.hubei.gov.cn/bsfw/bmcxfw/snyljgcx/201910/t20191031_206254.shtml
2020-01-30 18:06:49,213 [line:114] INFO 4560158144 Get 2026 孝感口腔医院's data from http://wjw.hubei.gov.cn/bsfw/bmcxfw/snyljgcx/201910/t20191031_206252.shtml
2020-01-30 18:06:49,651 [line:114] INFO 4560158144 Get 2027 孝感市孝南区朋兴卫生院（孝感市第四）'s data from http://wjw.hubei.gov.cn/bsfw/bmcxfw/snyljgcx/201910/t20191031_206250.shtml
2020-01-30 18:06:50,430 [line:114] INFO 4560158144 Get 2028 孝感市毛陈镇血吸虫病防治站's data from http://wjw.hubei.gov.cn/bsfw/bmcxfw/snyljgcx/201910/t20191031_206247.shtml
2020-01-30 18:06:51,019 [line:114] INFO 4560158144 Get 2029 孝感市血防灭螺机务队's data from http://wjw.hubei.gov.cn/bsfw/bmcxfw/snyljgcx/201910/t20191031_206246.shtml
2020-01-30 18:06:52,183 [line:114] INFO 4560158144 Get 2030 孝感市孝南区血吸虫病防治所's data from http://wjw.hubei.gov.cn/bsfw/bmcxfw/snyljgcx/201910/t20191031_206244.shtml
2020-01-30 18:06:53,009 [line:114] INFO 4560158144 Get 2031 孝感市段少江痔瘘医院's data from http://wjw.hubei.gov.cn/bsfw/bmcxfw/snyljgcx/201910/t20191031_206242.shtml
2020-01-30 18:06:53,626 [line:114] INFO 4560158144 Get 2032 孝感市孝南区卫生执法监察大队's data from http://wjw.hubei.gov.cn/bsfw/bmcxfw/snyljgcx/201910/t20191031_206239.shtml
2020-01-30 18:06:55,465 [line:114] INFO 4560158144 Get 2033 孝昌县邹岗镇中心卫生院's data from http://wjw.hubei.gov.cn/bsfw/bmcxfw/snyljgcx/201910/t20191031_206237.shtml
2020-01-30 18:06:58,229 [line:114] INFO 4560158144 Get 2034 孝昌县会亭河卫生院's data from http://wjw.hubei.gov.cn/bsfw/bmcxfw/snyljgcx/201910/t20191031_206235.shtml
2020-01-30 18:07:00,540 [line:114] INFO 4560158144 Get 2035 孝昌县季店乡卫生院's data from http://wjw.hubei.gov.cn/bsfw/bmcxfw/snyljgcx/201910/t20191031_206233.shtml
2020-01-30 18:07:01,132 [line:114] INFO 4560158144 Get 2036 孝昌县王店镇卫生院's data from http://wjw.hubei.gov.cn/bsfw/bmcxfw/snyljgcx/201910/t20191031_206230.shtml
2020-01-30 18:07:03,213 [line:114] INFO 4560158144 Get 2037 孝昌县丰山镇卫生院's data from http://wjw.hubei.gov.cn/bsfw/bmcxfw/snyljgcx/201910/t20191031_206229.shtml
2020-01-30 18:07:04,057 [line:114] INFO 4560158144 Get 2038 孝昌县小悟乡卫生院's data from http://wjw.hubei.gov.cn/bsfw/bmcxfw/snyljgcx/201910/t20191031_206228.shtml
2020-01-30 18:07:04,718 [line:114] INFO 4560158144 Get 2039 云梦县妇幼保健院's data from http://wjw.hubei.gov.cn/bsfw/bmcxfw/snyljgcx/201910/t20191031_206219.shtml
2020-01-30 18:07:05,637 [line:114] INFO 4560158144 Get 2040 云梦县清明河乡卫生院's data from http://wjw.hubei.gov.cn/bsfw/bmcxfw/snyljgcx/201910/t20191031_206217.shtml
2020-01-30 18:07:06,109 [line:114] INFO 4560158144 Get 2041 云梦县下辛店镇中心卫生院's data from http://wjw.hubei.gov.cn/bsfw/bmcxfw/snyljgcx/201910/t20191031_206216.shtml
2020-01-30 18:07:06,544 [line:114] INFO 4560158144 Get 2042 云梦县曾店镇卫生院's data from http://wjw.hubei.gov.cn/bsfw/bmcxfw/snyljgcx/201910/t20191031_206213.shtml
2020-01-30 18:07:06,909 [line:114] INFO 4560158144 Get 2043 孝昌县第一人民医院's data from http://wjw.hubei.gov.cn/bsfw/bmcxfw/snyljgcx/201910/t20191031_206225.shtml
2020-01-30 18:07:07,343 [line:114] INFO 4560158144 Get 2044 孝昌县周巷镇中心卫生院's data from http://wjw.hubei.gov.cn/bsfw/bmcxfw/snyljgcx/201910/t20191031_206223.shtml
2020-01-30 18:07:07,903 [line:114] INFO 4560158144 Get 2045 孝昌县小河镇中心卫生院's data from http://wjw.hubei.gov.cn/bsfw/bmcxfw/snyljgcx/201910/t20191031_206220.shtml
2020-01-30 18:07:08,872 [line:114] INFO 4560158144 Get 2046 云梦县血吸虫病防治所's data from http://wjw.hubei.gov.cn/bsfw/bmcxfw/snyljgcx/201910/t20191031_206212.shtml
2020-01-30 18:07:09,238 [line:114] INFO 4560158144 Get 2047 云梦县卫生监督所's data from http://wjw.hubei.gov.cn/bsfw/bmcxfw/snyljgcx/201910/t20191031_206209.shtml
2020-01-30 18:07:09,647 [line:114] INFO 4560158144 Get 2048 孝感市卫生职工中等专业学校's data from http://wjw.hubei.gov.cn/bsfw/bmcxfw/snyljgcx/201910/t20191031_206207.shtml
2020-01-30 18:07:10,043 [line:114] INFO 4560158144 Get 2049 孝感市孝南区闵集乡闵集卫生院's data from http://wjw.hubei.gov.cn/bsfw/bmcxfw/snyljgcx/201910/t20191031_206205.shtml
2020-01-30 18:07:10,446 [line:114] INFO 4560158144 Get 2050 孝感市孝南区卫生防疫站's data from http://wjw.hubei.gov.cn/bsfw/bmcxfw/snyljgcx/201910/t20191031_206203.shtml
2020-01-30 18:07:10,808 [line:114] INFO 4560158144 Get 2051 孝感市第一人民医院's data from http://wjw.hubei.gov.cn/bsfw/bmcxfw/snyljgcx/201910/t20191031_206201.shtml
2020-01-30 18:07:11,209 [line:114] INFO 4560158144 Get 2052 孝感市孝南区妇幼保健院's data from http://wjw.hubei.gov.cn/bsfw/bmcxfw/snyljgcx/201910/t20191031_206199.shtml
2020-01-30 18:07:11,696 [line:114] INFO 4560158144 Get 2053 湖北省孝感市中医院's data from http://wjw.hubei.gov.cn/bsfw/bmcxfw/snyljgcx/201910/t20191031_206198.shtml
2020-01-30 18:07:12,280 [line:114] INFO 4560158144 Get 2054 孝感市孝南区陡岗镇卫生院's data from http://wjw.hubei.gov.cn/bsfw/bmcxfw/snyljgcx/201910/t20191031_206195.shtml
2020-01-30 18:07:12,648 [line:114] INFO 4560158144 Get 2055 孝感市孝南区环川卫生院's data from http://wjw.hubei.gov.cn/bsfw/bmcxfw/snyljgcx/201910/t20191031_206193.shtml
2020-01-30 18:07:13,028 [line:114] INFO 4560158144 Get 2056 孝感市孝南区新铺镇卫生院's data from http://wjw.hubei.gov.cn/bsfw/bmcxfw/snyljgcx/201910/t20191031_206191.shtml
2020-01-30 18:07:13,441 [line:114] INFO 4560158144 Get 2057 孝南区卧龙乡卫生院's data from http://wjw.hubei.gov.cn/bsfw/bmcxfw/snyljgcx/201910/t20191031_206190.shtml
2020-01-30 18:07:13,862 [line:114] INFO 4560158144 Get 2058 孝感市孝南区肖港中心卫生院's data from http://wjw.hubei.gov.cn/bsfw/bmcxfw/snyljgcx/201910/t20191031_206187.shtml
2020-01-30 18:07:14,246 [line:114] INFO 4560158144 Get 2059 湖北省孝棉集团公司医院's data from http://wjw.hubei.gov.cn/bsfw/bmcxfw/snyljgcx/201910/t20191031_206186.shtml
2020-01-30 18:07:14,614 [line:114] INFO 4560158144 Get 2060 国营万山特种车辆制造厂职工医院's data from http://wjw.hubei.gov.cn/bsfw/bmcxfw/snyljgcx/201910/t20191031_206184.shtml
2020-01-30 18:07:14,999 [line:114] INFO 4560158144 Get 2061 孝感市孝南区叶敏医院's data from http://wjw.hubei.gov.cn/bsfw/bmcxfw/snyljgcx/201910/t20191031_206182.shtml
2020-01-30 18:07:15,388 [line:114] INFO 4560158144 Get 2062 孝感市孝南区三汊镇卫生院's data from http://wjw.hubei.gov.cn/bsfw/bmcxfw/snyljgcx/201910/t20191031_206180.shtml
2020-01-30 18:07:16,255 [line:114] INFO 4560158144 Get 2063 孝感市孝南区西河镇卫生院's data from http://wjw.hubei.gov.cn/bsfw/bmcxfw/snyljgcx/201910/t20191031_206178.shtml
2020-01-30 18:07:16,668 [line:114] INFO 4560158144 Get 2064 孝感市孝南区祝站镇中心卫生院's data from http://wjw.hubei.gov.cn/bsfw/bmcxfw/snyljgcx/201910/t20191031_206176.shtml
2020-01-30 18:07:17,029 [line:114] INFO 4560158144 Get 2065 襄城区卫生防疫站's data from http://wjw.hubei.gov.cn/bsfw/bmcxfw/snyljgcx/201910/t20191031_206174.shtml
2020-01-30 18:07:17,448 [line:114] INFO 4560158144 Get 2066 武汉市汉阳区妇幼保健院's data from http://wjw.hubei.gov.cn/bsfw/bmcxfw/snyljgcx/201910/t20191031_206172.shtml
2020-01-30 18:07:17,802 [line:114] INFO 4560158144 Get 2067 汉阳铁路中心医院's data from http://wjw.hubei.gov.cn/bsfw/bmcxfw/snyljgcx/201910/t20191031_206170.shtml
2020-01-30 18:07:18,173 [line:114] INFO 4560158144 Get 2068 武汉市汉阳区洲头街社区卫生服务中心's data from http://wjw.hubei.gov.cn/bsfw/bmcxfw/snyljgcx/201910/t20191031_206169.shtml
2020-01-30 18:07:18,617 [line:114] INFO 4560158144 Get 2069 武汉市第五医院's data from http://wjw.hubei.gov.cn/bsfw/bmcxfw/snyljgcx/201910/t20191031_206166.shtml
2020-01-30 18:07:19,070 [line:114] INFO 4560158144 Get 2070 赤壁市神山镇中心卫生院's data from http://wjw.hubei.gov.cn/bsfw/bmcxfw/snyljgcx/201910/t20191031_206165.shtml
2020-01-30 18:07:19,586 [line:114] INFO 4560158144 Get 2071 赤壁市赤壁镇卫生院's data from http://wjw.hubei.gov.cn/bsfw/bmcxfw/snyljgcx/201910/t20191031_206163.shtml
2020-01-30 18:07:20,530 [line:114] INFO 4560158144 Get 2072 赤壁市柳山镇卫生院's data from http://wjw.hubei.gov.cn/bsfw/bmcxfw/snyljgcx/201910/t20191031_206161.shtml
2020-01-30 18:07:21,031 [line:114] INFO 4560158144 Get 2073 赤壁市官塘镇中心卫生院's data from http://wjw.hubei.gov.cn/bsfw/bmcxfw/snyljgcx/201910/t20191031_206160.shtml
2020-01-30 18:07:21,626 [line:114] INFO 4560158144 Get 2074 赤壁市余家桥镇卫生院's data from http://wjw.hubei.gov.cn/bsfw/bmcxfw/snyljgcx/201910/t20191031_206157.shtml
2020-01-30 18:07:22,060 [line:114] INFO 4560158144 Get 2075 赤壁市新店缜卫生院's data from http://wjw.hubei.gov.cn/bsfw/bmcxfw/snyljgcx/201910/t20191031_206156.shtml
2020-01-30 18:07:22,993 [line:114] INFO 4560158144 Get 2076 赤壁市茶奄镇卫生院's data from http://wjw.hubei.gov.cn/bsfw/bmcxfw/snyljgcx/201910/t20191031_206154.shtml
2020-01-30 18:07:25,307 [line:114] INFO 4560158144 Get 2077 赤壁市中伙镇卫生院's data from http://wjw.hubei.gov.cn/bsfw/bmcxfw/snyljgcx/201910/t20191031_206152.shtml
2020-01-30 18:07:28,642 [line:114] INFO 4560158144 Get 2078 赤壁市荆泉办事处卫生院's data from http://wjw.hubei.gov.cn/bsfw/bmcxfw/snyljgcx/201910/t20191031_206150.shtml
2020-01-30 18:07:33,863 [line:114] INFO 4560158144 Get 2079 赤壁市车阜镇中心卫生院's data from http://wjw.hubei.gov.cn/bsfw/bmcxfw/snyljgcx/201910/t20191031_206148.shtml
2020-01-30 18:07:38,436 [line:114] INFO 4560158144 Get 2080 赤壁市中医院's data from http://wjw.hubei.gov.cn/bsfw/bmcxfw/snyljgcx/201910/t20191031_206147.shtml
2020-01-30 18:07:41,033 [line:114] INFO 4560158144 Get 2081 赤壁市卫生防疫站's data from http://wjw.hubei.gov.cn/bsfw/bmcxfw/snyljgcx/201910/t20191031_206145.shtml
2020-01-30 18:07:46,542 [line:114] INFO 4560158144 Get 2082 赤壁市人民医院's data from http://wjw.hubei.gov.cn/bsfw/bmcxfw/snyljgcx/201910/t20191031_206144.shtml
2020-01-30 18:07:46,966 [line:114] INFO 4560158144 Get 2083 宣恩县沙道沟镇卫生院's data from http://wjw.hubei.gov.cn/bsfw/bmcxfw/snyljgcx/201910/t20191031_206130.shtml
2020-01-30 18:07:49,209 [line:114] INFO 4560158144 Get 2084 宣恩县万寨乡卫生院's data from http://wjw.hubei.gov.cn/bsfw/bmcxfw/snyljgcx/201910/t20191031_206129.shtml
2020-01-30 18:07:51,253 [line:114] INFO 4560158144 Get 2085 咸宁市中心血站's data from http://wjw.hubei.gov.cn/bsfw/bmcxfw/snyljgcx/201910/t20191031_206142.shtml
2020-01-30 18:07:52,756 [line:114] INFO 4560158144 Get 2086 咸宁市疾病控制中心's data from http://wjw.hubei.gov.cn/bsfw/bmcxfw/snyljgcx/201910/t20191031_206141.shtml
2020-01-30 18:07:53,768 [line:114] INFO 4560158144 Get 2087 咸宁市温泉开发区社区服务中心's data from http://wjw.hubei.gov.cn/bsfw/bmcxfw/snyljgcx/201910/t20191031_206138.shtml
2020-01-30 18:07:54,315 [line:114] INFO 4560158144 Get 2088 咸宁市妇幼保健所's data from http://wjw.hubei.gov.cn/bsfw/bmcxfw/snyljgcx/201910/t20191031_206137.shtml
2020-01-30 18:07:56,750 [line:114] INFO 4560158144 Get 2089 咸宁市中医院's data from http://wjw.hubei.gov.cn/bsfw/bmcxfw/snyljgcx/201910/t20191031_206135.shtml
2020-01-30 18:07:57,154 [line:114] INFO 4560158144 Get 2090 宣恩县中医院's data from http://wjw.hubei.gov.cn/bsfw/bmcxfw/snyljgcx/201910/t20191031_206133.shtml
2020-01-30 18:07:57,560 [line:114] INFO 4560158144 Get 2091 宣恩县皮肤病防治院's data from http://wjw.hubei.gov.cn/bsfw/bmcxfw/snyljgcx/201910/t20191031_206132.shtml
2020-01-30 18:07:57,935 [line:114] INFO 4560158144 Get 2092 宣恩县卫生防疫站's data from http://wjw.hubei.gov.cn/bsfw/bmcxfw/snyljgcx/201910/t20191031_206128.shtml
2020-01-30 18:07:58,348 [line:114] INFO 4560158144 Get 2093 宣恩县晓关乡中心卫生院's data from http://wjw.hubei.gov.cn/bsfw/bmcxfw/snyljgcx/201910/t20191031_206125.shtml
2020-01-30 18:07:58,773 [line:114] INFO 4560158144 Get 2094 宣恩县珠山镇卫生院's data from http://wjw.hubei.gov.cn/bsfw/bmcxfw/snyljgcx/201910/t20191031_206124.shtml
2020-01-30 18:07:59,259 [line:114] INFO 4560158144 Get 2095 恩施州卫生学校's data from http://wjw.hubei.gov.cn/bsfw/bmcxfw/snyljgcx/201910/t20191031_206122.shtml
2020-01-30 18:08:00,208 [line:114] INFO 4560158144 Get 2096 咸丰县人民医院's data from http://wjw.hubei.gov.cn/bsfw/bmcxfw/snyljgcx/201910/t20191031_206119.shtml
2020-01-30 18:08:00,617 [line:114] INFO 4560158144 Get 2097 咸丰县中医院's data from http://wjw.hubei.gov.cn/bsfw/bmcxfw/snyljgcx/201910/t20191031_206118.shtml
2020-01-30 18:08:01,157 [line:114] INFO 4560158144 Get 2098 咸丰县卫生监督局's data from http://wjw.hubei.gov.cn/bsfw/bmcxfw/snyljgcx/201910/t20191031_206116.shtml
2020-01-30 18:08:02,981 [line:114] INFO 4560158144 Get 2099 咸丰县疾病预防控制中心's data from http://wjw.hubei.gov.cn/bsfw/bmcxfw/snyljgcx/201910/t20191031_206115.shtml
2020-01-30 18:08:03,378 [line:114] INFO 4560158144 Get 2100 咸丰县甲马池镇中心卫生院's data from http://wjw.hubei.gov.cn/bsfw/bmcxfw/snyljgcx/201910/t20191031_206101.shtml
2020-01-30 18:08:09,382 [line:100] INFO 4560158144 Get data from 100 to 200
2020-01-30 18:08:09,383 [line:114] INFO 4560158144 Get 2101 咸丰县活龙坪乡中心卫生院's data from http://wjw.hubei.gov.cn/bsfw/bmcxfw/snyljgcx/201910/t20191031_206099.shtml
2020-01-30 18:08:09,747 [line:114] INFO 4560158144 Get 2102 咸丰县妇幼保健院's data from http://wjw.hubei.gov.cn/bsfw/bmcxfw/snyljgcx/201910/t20191031_206112.shtml
2020-01-30 18:08:10,146 [line:114] INFO 4560158144 Get 2103 咸丰县黄金洞乡卫生院's data from http://wjw.hubei.gov.cn/bsfw/bmcxfw/snyljgcx/201910/t20191031_206110.shtml
2020-01-30 18:08:10,531 [line:114] INFO 4560158144 Get 2104 咸丰县尖山民族卫生院's data from http://wjw.hubei.gov.cn/bsfw/bmcxfw/snyljgcx/201910/t20191031_206109.shtml
2020-01-30 18:08:10,961 [line:114] INFO 4560158144 Get 2105 咸丰县忠堡镇卫生院's data from http://wjw.hubei.gov.cn/bsfw/bmcxfw/snyljgcx/201910/t20191031_206107.shtml
2020-01-30 18:08:11,361 [line:114] INFO 4560158144 Get 2106 咸丰县小村乡卫生院's data from http://wjw.hubei.gov.cn/bsfw/bmcxfw/snyljgcx/201910/t20191031_206105.shtml
2020-01-30 18:08:11,837 [line:114] INFO 4560158144 Get 2107 咸丰县清坪镇中心卫生院's data from http://wjw.hubei.gov.cn/bsfw/bmcxfw/snyljgcx/201910/t20191031_206103.shtml
2020-01-30 18:08:12,219 [line:114] INFO 4560158144 Get 2108 咸丰县高乐山镇卫生院's data from http://wjw.hubei.gov.cn/bsfw/bmcxfw/snyljgcx/201910/t20191031_206097.shtml
2020-01-30 18:08:12,620 [line:114] INFO 4560158144 Get 2109 咸丰县丁寨乡卫生院's data from http://wjw.hubei.gov.cn/bsfw/bmcxfw/snyljgcx/201910/t20191031_206095.shtml
2020-01-30 18:08:13,005 [line:114] INFO 4560158144 Get 2110 咸丰县大路坝区卫生院's data from http://wjw.hubei.gov.cn/bsfw/bmcxfw/snyljgcx/201910/t20191031_206094.shtml
2020-01-30 18:08:13,634 [line:114] INFO 4560158144 Get 2111 咸丰县朝阳寺镇卫生院's data from http://wjw.hubei.gov.cn/bsfw/bmcxfw/snyljgcx/201910/t20191031_206092.shtml
2020-01-30 18:08:14,012 [line:114] INFO 4560158144 Get 2112 恩施州中心医院's data from http://wjw.hubei.gov.cn/bsfw/bmcxfw/snyljgcx/201910/t20191031_206091.shtml
2020-01-30 18:08:14,508 [line:114] INFO 4560158144 Get 2113 湖北民族学院附属医院's data from http://wjw.hubei.gov.cn/bsfw/bmcxfw/snyljgcx/201910/t20191031_206089.shtml
2020-01-30 18:08:14,917 [line:114] INFO 4560158144 Get 2114 恩施州妇幼保健院's data from http://wjw.hubei.gov.cn/bsfw/bmcxfw/snyljgcx/201910/t20191031_206088.shtml
2020-01-30 18:08:15,313 [line:114] INFO 4560158144 Get 2115 恩施州疾病控制中心's data from http://wjw.hubei.gov.cn/bsfw/bmcxfw/snyljgcx/201910/t20191031_206086.shtml
2020-01-30 18:08:15,979 [line:114] INFO 4560158144 Get 2116 恩施州优抚医院's data from http://wjw.hubei.gov.cn/bsfw/bmcxfw/snyljgcx/201910/t20191031_206084.shtml
2020-01-30 18:08:17,069 [line:114] INFO 4560158144 Get 2117 恩施州中心血站's data from http://wjw.hubei.gov.cn/bsfw/bmcxfw/snyljgcx/201910/t20191031_206082.shtml
2020-01-30 18:08:17,566 [line:114] INFO 4560158144 Get 2118 建始县中心血站's data from http://wjw.hubei.gov.cn/bsfw/bmcxfw/snyljgcx/201910/t20191031_206071.shtml
2020-01-30 18:08:18,038 [line:114] INFO 4560158144 Get 2119 建始县妇幼保健院's data from http://wjw.hubei.gov.cn/bsfw/bmcxfw/snyljgcx/201910/t20191031_206069.shtml
2020-01-30 18:08:18,402 [line:114] INFO 4560158144 Get 2120 建始县长梁镇卫生院's data from http://wjw.hubei.gov.cn/bsfw/bmcxfw/snyljgcx/201910/t20191031_206068.shtml
2020-01-30 18:08:18,797 [line:114] INFO 4560158144 Get 2121 建始县龙坪卫生院's data from http://wjw.hubei.gov.cn/bsfw/bmcxfw/snyljgcx/201910/t20191031_206067.shtml
2020-01-30 18:08:19,290 [line:114] INFO 4560158144 Get 2122 建始县红岩寺镇卫生院's data from http://wjw.hubei.gov.cn/bsfw/bmcxfw/snyljgcx/201910/t20191031_206066.shtml
2020-01-30 18:08:19,965 [line:114] INFO 4560158144 Get 2123 建始县人民医院's data from http://wjw.hubei.gov.cn/bsfw/bmcxfw/snyljgcx/201910/t20191031_206080.shtml
2020-01-30 18:08:21,019 [line:114] INFO 4560158144 Get 2124 建始县中医院's data from http://wjw.hubei.gov.cn/bsfw/bmcxfw/snyljgcx/201910/t20191031_206077.shtml
2020-01-30 18:08:21,433 [line:114] INFO 4560158144 Get 2125 建始县疾病控制中心's data from http://wjw.hubei.gov.cn/bsfw/bmcxfw/snyljgcx/201910/t20191031_206076.shtml
2020-01-30 18:08:22,037 [line:114] INFO 4560158144 Get 2126 建始县茅田乡中心卫生院's data from http://wjw.hubei.gov.cn/bsfw/bmcxfw/snyljgcx/201910/t20191031_206073.shtml
2020-01-30 18:08:22,437 [line:114] INFO 4560158144 Get 2127 建始县高坪镇中心卫生院's data from http://wjw.hubei.gov.cn/bsfw/bmcxfw/snyljgcx/201910/t20191031_206064.shtml
2020-01-30 18:08:22,807 [line:114] INFO 4560158144 Get 2128 建始县邺州镇卫生院's data from http://wjw.hubei.gov.cn/bsfw/bmcxfw/snyljgcx/201910/t20191031_206063.shtml
2020-01-30 18:08:23,188 [line:114] INFO 4560158144 Get 2129 建始县官店镇中心卫生院's data from http://wjw.hubei.gov.cn/bsfw/bmcxfw/snyljgcx/201910/t20191031_206062.shtml
2020-01-30 18:08:23,585 [line:114] INFO 4560158144 Get 2130 建始县景阳镇卫生院's data from http://wjw.hubei.gov.cn/bsfw/bmcxfw/snyljgcx/201910/t20191031_206060.shtml
2020-01-30 18:08:24,102 [line:114] INFO 4560158144 Get 2131 建始县花坪乡民族中心卫生院's data from http://wjw.hubei.gov.cn/bsfw/bmcxfw/snyljgcx/201910/t20191031_206059.shtml
2020-01-30 18:08:24,508 [line:114] INFO 4560158144 Get 2132 建始县三里乡卫生院's data from http://wjw.hubei.gov.cn/bsfw/bmcxfw/snyljgcx/201910/t20191031_206058.shtml
2020-01-30 18:08:24,920 [line:114] INFO 4560158144 Get 2133 施南单采血浆站's data from http://wjw.hubei.gov.cn/bsfw/bmcxfw/snyljgcx/201910/t20191031_206055.shtml
2020-01-30 18:08:25,363 [line:114] INFO 4560158144 Get 2134 恩施州卫生执法监督局's data from http://wjw.hubei.gov.cn/bsfw/bmcxfw/snyljgcx/201910/t20191031_206053.shtml
2020-01-30 18:08:25,820 [line:114] INFO 4560158144 Get 2135 保康县人民医院's data from http://wjw.hubei.gov.cn/bsfw/bmcxfw/snyljgcx/201910/t20191031_206045.shtml
2020-01-30 18:08:26,222 [line:114] INFO 4560158144 Get 2136 保康县马良镇中心卫生院's data from http://wjw.hubei.gov.cn/bsfw/bmcxfw/snyljgcx/201910/t20191031_206043.shtml
2020-01-30 18:08:26,595 [line:114] INFO 4560158144 Get 2137 保康县马桥镇中心卫生院's data from http://wjw.hubei.gov.cn/bsfw/bmcxfw/snyljgcx/201910/t20191031_206040.shtml
2020-01-30 18:08:27,006 [line:114] INFO 4560158144 Get 2138 保康县中医医院's data from http://wjw.hubei.gov.cn/bsfw/bmcxfw/snyljgcx/201910/t20191031_206039.shtml
2020-01-30 18:08:27,398 [line:114] INFO 4560158144 Get 2139 364医院's data from http://wjw.hubei.gov.cn/bsfw/bmcxfw/snyljgcx/201910/t20191031_206052.shtml
2020-01-30 18:08:27,807 [line:114] INFO 4560158144 Get 2140 保康县卫生进修学校's data from http://wjw.hubei.gov.cn/bsfw/bmcxfw/snyljgcx/201910/t20191031_206049.shtml
2020-01-30 18:08:28,913 [line:114] INFO 4560158144 Get 2141 保康县歇马镇中心卫生院's data from http://wjw.hubei.gov.cn/bsfw/bmcxfw/snyljgcx/201910/t20191031_206047.shtml
2020-01-30 18:08:29,272 [line:114] INFO 4560158144 Get 2142 保康县寺坪镇中心卫生院's data from http://wjw.hubei.gov.cn/bsfw/bmcxfw/snyljgcx/201910/t20191031_206036.shtml
2020-01-30 18:08:29,668 [line:114] INFO 4560158144 Get 2143 保康县卫生防疫站's data from http://wjw.hubei.gov.cn/bsfw/bmcxfw/snyljgcx/201910/t20191031_206035.shtml
2020-01-30 18:08:30,034 [line:114] INFO 4560158144 Get 2144 保康县龙坪镇卫生院's data from http://wjw.hubei.gov.cn/bsfw/bmcxfw/snyljgcx/201910/t20191031_206032.shtml
2020-01-30 18:08:30,425 [line:114] INFO 4560158144 Get 2145 保康县两峪乡卫生院's data from http://wjw.hubei.gov.cn/bsfw/bmcxfw/snyljgcx/201910/t20191031_206031.shtml
2020-01-30 18:08:30,891 [line:114] INFO 4560158144 Get 2146 保康县店垭镇卫生院's data from http://wjw.hubei.gov.cn/bsfw/bmcxfw/snyljgcx/201910/t20191031_206028.shtml
2020-01-30 18:08:31,497 [line:114] INFO 4560158144 Get 2147 保康县妇幼保健院's data from http://wjw.hubei.gov.cn/bsfw/bmcxfw/snyljgcx/201910/t20191031_206026.shtml
2020-01-30 18:08:32,934 [line:114] INFO 4560158144 Get 2148 保康县后坪镇卫生院's data from http://wjw.hubei.gov.cn/bsfw/bmcxfw/snyljgcx/201910/t20191031_206025.shtml
2020-01-30 18:08:33,313 [line:114] INFO 4560158144 Get 2149 保康县黄堡镇卫生院's data from http://wjw.hubei.gov.cn/bsfw/bmcxfw/snyljgcx/201910/t20191031_206022.shtml
2020-01-30 18:08:33,707 [line:114] INFO 4560158144 Get 2150 襄城区欧庙镇法龙卫生院's data from http://wjw.hubei.gov.cn/bsfw/bmcxfw/snyljgcx/201910/t20191031_206014.shtml
2020-01-30 18:08:34,118 [line:114] INFO 4560158144 Get 2151 襄城区欧庙中心卫生院's data from http://wjw.hubei.gov.cn/bsfw/bmcxfw/snyljgcx/201910/t20191031_206013.shtml
2020-01-30 18:08:34,487 [line:114] INFO 4560158144 Get 2152 襄城区檀溪卫生院's data from http://wjw.hubei.gov.cn/bsfw/bmcxfw/snyljgcx/201910/t20191031_206011.shtml
2020-01-30 18:08:34,917 [line:114] INFO 4560158144 Get 2153 襄樊市第四人民医院's data from http://wjw.hubei.gov.cn/bsfw/bmcxfw/snyljgcx/201910/t20191031_206010.shtml
2020-01-30 18:08:35,863 [line:114] INFO 4560158144 Get 2154 保康县城关镇卫生院's data from http://wjw.hubei.gov.cn/bsfw/bmcxfw/snyljgcx/201910/t20191031_206021.shtml
2020-01-30 18:08:36,911 [line:114] INFO 4560158144 Get 2155 襄城区卧龙镇卫生院's data from http://wjw.hubei.gov.cn/bsfw/bmcxfw/snyljgcx/201910/t20191031_206019.shtml
2020-01-30 18:08:37,335 [line:114] INFO 4560158144 Get 2156 襄城区尹集卫生院's data from http://wjw.hubei.gov.cn/bsfw/bmcxfw/snyljgcx/201910/t20191031_206017.shtml
2020-01-30 18:08:38,277 [line:114] INFO 4560158144 Get 2157 襄城区庞公卫生院's data from http://wjw.hubei.gov.cn/bsfw/bmcxfw/snyljgcx/201910/t20191031_206016.shtml
2020-01-30 18:08:41,197 [line:114] INFO 4560158144 Get 2158 南漳县东巩镇中心卫生院's data from http://wjw.hubei.gov.cn/bsfw/bmcxfw/snyljgcx/201910/t20191031_206008.shtml
2020-01-30 18:08:41,621 [line:114] INFO 4560158144 Get 2159 南漳县人民医院's data from http://wjw.hubei.gov.cn/bsfw/bmcxfw/snyljgcx/201910/t20191031_206007.shtml
2020-01-30 18:08:42,047 [line:114] INFO 4560158144 Get 2160 老河口市卫生职工中等专业学校's data from http://wjw.hubei.gov.cn/bsfw/bmcxfw/snyljgcx/201910/t20191031_206005.shtml
2020-01-30 18:08:42,485 [line:114] INFO 4560158144 Get 2161 老河口市卫生监督局's data from http://wjw.hubei.gov.cn/bsfw/bmcxfw/snyljgcx/201910/t20191031_206004.shtml
2020-01-30 18:08:43,196 [line:114] INFO 4560158144 Get 2162 老河口市疾病预防控制中心's data from http://wjw.hubei.gov.cn/bsfw/bmcxfw/snyljgcx/201910/t20191031_206002.shtml
2020-01-30 18:08:44,527 [line:114] INFO 4560158144 Get 2163 老河口市红十字医院's data from http://wjw.hubei.gov.cn/bsfw/bmcxfw/snyljgcx/201910/t20191031_206000.shtml
2020-01-30 18:08:44,893 [line:114] INFO 4560158144 Get 2164 老河口市第一医院's data from http://wjw.hubei.gov.cn/bsfw/bmcxfw/snyljgcx/201910/t20191031_205999.shtml
2020-01-30 18:08:45,404 [line:114] INFO 4560158144 Get 2165 老河口市仙人渡中心卫生院's data from http://wjw.hubei.gov.cn/bsfw/bmcxfw/snyljgcx/201910/t20191031_205998.shtml
2020-01-30 18:08:45,843 [line:114] INFO 4560158144 Get 2166 老河口市光化卫生院's data from http://wjw.hubei.gov.cn/bsfw/bmcxfw/snyljgcx/201910/t20191031_205996.shtml
2020-01-30 18:08:46,244 [line:114] INFO 4560158144 Get 2167 老河口市中医医院's data from http://wjw.hubei.gov.cn/bsfw/bmcxfw/snyljgcx/201910/t20191031_205990.shtml
2020-01-30 18:08:46,652 [line:114] INFO 4560158144 Get 2168 湖北江山机械厂职工医院's data from http://wjw.hubei.gov.cn/bsfw/bmcxfw/snyljgcx/201910/t20191031_205988.shtml
2020-01-30 18:08:47,071 [line:114] INFO 4560158144 Get 2169 老河口市李楼卫生院's data from http://wjw.hubei.gov.cn/bsfw/bmcxfw/snyljgcx/201910/t20191031_205987.shtml
2020-01-30 18:08:47,466 [line:114] INFO 4560158144 Get 2170 老河口市薛集卫生院's data from http://wjw.hubei.gov.cn/bsfw/bmcxfw/snyljgcx/201910/t20191031_205985.shtml
2020-01-30 18:08:48,711 [line:114] INFO 4560158144 Get 2171 老河口市赞阳卫生院's data from http://wjw.hubei.gov.cn/bsfw/bmcxfw/snyljgcx/201910/t20191031_205984.shtml
2020-01-30 18:08:50,128 [line:114] INFO 4560158144 Get 2172 老河口市洪山嘴卫生院's data from http://wjw.hubei.gov.cn/bsfw/bmcxfw/snyljgcx/201910/t20191031_205982.shtml
2020-01-30 18:08:50,556 [line:114] INFO 4560158144 Get 2173 老河口市孟楼中心卫生院's data from http://wjw.hubei.gov.cn/bsfw/bmcxfw/snyljgcx/201910/t20191031_205994.shtml
2020-01-30 18:08:50,913 [line:114] INFO 4560158144 Get 2174 老河口市张集中心卫生院's data from http://wjw.hubei.gov.cn/bsfw/bmcxfw/snyljgcx/201910/t20191031_205993.shtml
2020-01-30 18:08:51,293 [line:114] INFO 4560158144 Get 2175 老河口市妇幼保健院's data from http://wjw.hubei.gov.cn/bsfw/bmcxfw/snyljgcx/201910/t20191031_205991.shtml
2020-01-30 18:08:52,417 [line:114] INFO 4560158144 Get 2176 老河口市竹林桥卫生院's data from http://wjw.hubei.gov.cn/bsfw/bmcxfw/snyljgcx/201910/t20191031_205980.shtml
2020-01-30 18:08:54,028 [line:114] INFO 4560158144 Get 2177 老河口市第二医院's data from http://wjw.hubei.gov.cn/bsfw/bmcxfw/snyljgcx/201910/t20191031_205979.shtml
2020-01-30 18:08:54,436 [line:114] INFO 4560158144 Get 2178 老河口市袁冲卫生院's data from http://wjw.hubei.gov.cn/bsfw/bmcxfw/snyljgcx/201910/t20191031_205977.shtml
2020-01-30 18:08:54,807 [line:114] INFO 4560158144 Get 2179 京山县血吸虫病防冶所's data from http://wjw.hubei.gov.cn/bsfw/bmcxfw/snyljgcx/201910/t20191031_205976.shtml
2020-01-30 18:08:55,180 [line:114] INFO 4560158144 Get 2180 夏小中骨病风湿病医院's data from http://wjw.hubei.gov.cn/bsfw/bmcxfw/snyljgcx/201910/t20191031_205974.shtml
2020-01-30 18:08:55,573 [line:114] INFO 4560158144 Get 2181 湖北省国营朱湖农场职工医院's data from http://wjw.hubei.gov.cn/bsfw/bmcxfw/snyljgcx/201910/t20191031_205973.shtml
2020-01-30 18:08:56,208 [line:114] INFO 4560158144 Get 2182 咸宁市结核病防治所's data from http://wjw.hubei.gov.cn/bsfw/bmcxfw/snyljgcx/201910/t20191031_205971.shtml
2020-01-30 18:08:56,643 [line:114] INFO 4560158144 Get 2183 咸宁市卫生学校's data from http://wjw.hubei.gov.cn/bsfw/bmcxfw/snyljgcx/201910/t20191031_205969.shtml
2020-01-30 18:08:57,014 [line:114] INFO 4560158144 Get 2184 崇阳县卫生监督局's data from http://wjw.hubei.gov.cn/bsfw/bmcxfw/snyljgcx/201910/t20191031_205965.shtml
2020-01-30 18:08:57,422 [line:114] INFO 4560158144 Get 2185 崇阳县第二人民医院's data from http://wjw.hubei.gov.cn/bsfw/bmcxfw/snyljgcx/201910/t20191031_205963.shtml
2020-01-30 18:08:57,821 [line:114] INFO 4560158144 Get 2186 崇阳县铜钟乡卫生院's data from http://wjw.hubei.gov.cn/bsfw/bmcxfw/snyljgcx/201910/t20191031_205962.shtml
2020-01-30 18:08:58,207 [line:114] INFO 4560158144 Get 2187 崇阳县青山镇蔡墩乡卫生院's data from http://wjw.hubei.gov.cn/bsfw/bmcxfw/snyljgcx/201910/t20191031_205960.shtml
2020-01-30 18:08:58,629 [line:114] INFO 4560158144 Get 2188 崇阳县桂花泉卫生院's data from http://wjw.hubei.gov.cn/bsfw/bmcxfw/snyljgcx/201910/t20191031_205959.shtml
2020-01-30 18:08:59,016 [line:114] INFO 4560158144 Get 2189 崇阳县疾病预防控制中心's data from http://wjw.hubei.gov.cn/bsfw/bmcxfw/snyljgcx/201910/t20191031_205957.shtml
2020-01-30 18:08:59,434 [line:114] INFO 4560158144 Get 2190 崇阳县高枧卫生院's data from http://wjw.hubei.gov.cn/bsfw/bmcxfw/snyljgcx/201910/t20191031_205955.shtml
2020-01-30 18:09:00,697 [line:114] INFO 4560158144 Get 2191 湖北省咸宁卫生监督局's data from http://wjw.hubei.gov.cn/bsfw/bmcxfw/snyljgcx/201910/t20191031_205968.shtml
2020-01-30 18:09:01,406 [line:114] INFO 4560158144 Get 2192 咸宁市人民医院's data from http://wjw.hubei.gov.cn/bsfw/bmcxfw/snyljgcx/201910/t20191031_205966.shtml
2020-01-30 18:09:01,860 [line:114] INFO 4560158144 Get 2193 崇阳县青山镇卫生院's data from http://wjw.hubei.gov.cn/bsfw/bmcxfw/snyljgcx/201910/t20191031_205954.shtml
2020-01-30 18:09:02,224 [line:114] INFO 4560158144 Get 2194 崇阳县中医院's data from http://wjw.hubei.gov.cn/bsfw/bmcxfw/snyljgcx/201910/t20191031_205952.shtml
2020-01-30 18:09:02,875 [line:114] INFO 4560158144 Get 2195 崇阳县金塘镇中心卫生院's data from http://wjw.hubei.gov.cn/bsfw/bmcxfw/snyljgcx/201910/t20191031_205951.shtml
2020-01-30 18:09:04,075 [line:114] INFO 4560158144 Get 2196 崇阳县大源乡卫生院's data from http://wjw.hubei.gov.cn/bsfw/bmcxfw/snyljgcx/201910/t20191031_205949.shtml
2020-01-30 18:09:06,738 [line:114] INFO 4560158144 Get 2197 崇阳县肖岭乡卫生院's data from http://wjw.hubei.gov.cn/bsfw/bmcxfw/snyljgcx/201910/t20191031_205948.shtml
2020-01-30 18:09:09,112 [line:114] INFO 4560158144 Get 2198 崇阳县沙坪镇中心卫生院's data from http://wjw.hubei.gov.cn/bsfw/bmcxfw/snyljgcx/201910/t20191031_205946.shtml
2020-01-30 18:09:09,515 [line:114] INFO 4560158144 Get 2199 崇阳县港口乡卫生院's data from http://wjw.hubei.gov.cn/bsfw/bmcxfw/snyljgcx/201910/t20191031_205945.shtml
2020-01-30 18:09:09,899 [line:114] INFO 4560158144 Get 2200 南漳县巡检镇中心卫生院's data from http://wjw.hubei.gov.cn/bsfw/bmcxfw/snyljgcx/201910/t20191031_205943.shtml
2020-01-30 18:09:15,313 [line:100] INFO 4560158144 Get data from 200 to 300
2020-01-30 18:09:15,313 [line:114] INFO 4560158144 Get 2201 南漳县第二医院's data from http://wjw.hubei.gov.cn/bsfw/bmcxfw/snyljgcx/201910/t20191031_205942.shtml
2020-01-30 18:09:16,462 [line:114] INFO 4560158144 Get 2202 南漳县武安镇安集卫生院's data from http://wjw.hubei.gov.cn/bsfw/bmcxfw/snyljgcx/201910/t20191031_205940.shtml
2020-01-30 18:09:16,848 [line:114] INFO 4560158144 Get 2203 南漳县九集镇龙门卫生院's data from http://wjw.hubei.gov.cn/bsfw/bmcxfw/snyljgcx/201910/t20191031_205939.shtml
2020-01-30 18:09:17,244 [line:114] INFO 4560158144 Get 2204 湖北华贝化工股份有限公司职工医院's data from http://wjw.hubei.gov.cn/bsfw/bmcxfw/snyljgcx/201910/t20191031_205937.shtml
2020-01-30 18:09:17,649 [line:114] INFO 4560158144 Get 2205 湖北省太子山林场职工医院's data from http://wjw.hubei.gov.cn/bsfw/bmcxfw/snyljgcx/201910/t20191031_205936.shtml
2020-01-30 18:09:18,011 [line:114] INFO 4560158144 Get 2206 夏大中骨髓炎骨结核专科医院's data from http://wjw.hubei.gov.cn/bsfw/bmcxfw/snyljgcx/201910/t20191031_205934.shtml
2020-01-30 18:09:18,402 [line:114] INFO 4560158144 Get 2207 京山县永兴镇卫生院's data from http://wjw.hubei.gov.cn/bsfw/bmcxfw/snyljgcx/201910/t20191031_205933.shtml
2020-01-30 18:09:18,799 [line:114] INFO 4560158144 Get 2208 京山县杨集镇卫生院's data from http://wjw.hubei.gov.cn/bsfw/bmcxfw/snyljgcx/201910/t20191031_205931.shtml
2020-01-30 18:09:19,264 [line:114] INFO 4560158144 Get 2209 京山县宋河镇中心卫生院's data from http://wjw.hubei.gov.cn/bsfw/bmcxfw/snyljgcx/201910/t20191031_205930.shtml
2020-01-30 18:09:20,120 [line:114] INFO 4560158144 Get 2210 京山县绿林镇卫生院's data from http://wjw.hubei.gov.cn/bsfw/bmcxfw/snyljgcx/201910/t20191031_205928.shtml
2020-01-30 18:09:21,557 [line:114] INFO 4560158144 Get 2211 京山县雁门口镇卫生院's data from http://wjw.hubei.gov.cn/bsfw/bmcxfw/snyljgcx/201910/t20191031_205926.shtml
2020-01-30 18:09:22,240 [line:114] INFO 4560158144 Get 2212 京山县新市镇卫生院's data from http://wjw.hubei.gov.cn/bsfw/bmcxfw/snyljgcx/201910/t20191031_205916.shtml
2020-01-30 18:09:23,137 [line:114] INFO 4560158144 Get 2213 来凤县人民医院's data from http://wjw.hubei.gov.cn/bsfw/bmcxfw/snyljgcx/201910/t20191031_205914.shtml
2020-01-30 18:09:23,823 [line:114] INFO 4560158144 Get 2214 京山县曹武镇卫生院's data from http://wjw.hubei.gov.cn/bsfw/bmcxfw/snyljgcx/201910/t20191031_205925.shtml
2020-01-30 18:09:24,286 [line:114] INFO 4560158144 Get 2215 京山县中医院's data from http://wjw.hubei.gov.cn/bsfw/bmcxfw/snyljgcx/201910/t20191031_205923.shtml
2020-01-30 18:09:24,666 [line:114] INFO 4560158144 Get 2216 京山县人民医院's data from http://wjw.hubei.gov.cn/bsfw/bmcxfw/snyljgcx/201910/t20191031_205922.shtml
2020-01-30 18:09:25,172 [line:114] INFO 4560158144 Get 2217 京山县新市卫生防保所's data from http://wjw.hubei.gov.cn/bsfw/bmcxfw/snyljgcx/201910/t20191031_205920.shtml
2020-01-30 18:09:25,575 [line:114] INFO 4560158144 Get 2218 京山县永隆镇中心卫生院's data from http://wjw.hubei.gov.cn/bsfw/bmcxfw/snyljgcx/201910/t20191031_205919.shtml
2020-01-30 18:09:26,037 [line:114] INFO 4560158144 Get 2219 京山县新市血吸虫病防治站's data from http://wjw.hubei.gov.cn/bsfw/bmcxfw/snyljgcx/201910/t20191031_205917.shtml
2020-01-30 18:09:26,430 [line:114] INFO 4560158144 Get 2220 宣恩县长潭河侗族乡中心卫生院's data from http://wjw.hubei.gov.cn/bsfw/bmcxfw/snyljgcx/201910/t20191031_205912.shtml
2020-01-30 18:09:26,881 [line:114] INFO 4560158144 Get 2221 宣恩县椿木营乡卫生院's data from http://wjw.hubei.gov.cn/bsfw/bmcxfw/snyljgcx/201910/t20191031_205911.shtml
2020-01-30 18:09:27,267 [line:114] INFO 4560158144 Get 2222 宣恩县妇幼保健院's data from http://wjw.hubei.gov.cn/bsfw/bmcxfw/snyljgcx/201910/t20191031_205909.shtml
2020-01-30 18:09:27,935 [line:114] INFO 4560158144 Get 2223 宣恩县人民医院's data from http://wjw.hubei.gov.cn/bsfw/bmcxfw/snyljgcx/201910/t20191031_205908.shtml
2020-01-30 18:09:29,105 [line:114] INFO 4560158144 Get 2224 宣恩县高罗乡卫生院's data from http://wjw.hubei.gov.cn/bsfw/bmcxfw/snyljgcx/201910/t20191031_205906.shtml
2020-01-30 18:09:29,745 [line:114] INFO 4560158144 Get 2225 宣恩县椒园镇卫生院's data from http://wjw.hubei.gov.cn/bsfw/bmcxfw/snyljgcx/201910/t20191031_205905.shtml
2020-01-30 18:09:30,187 [line:114] INFO 4560158144 Get 2226 宣恩县李家河乡卫生院's data from http://wjw.hubei.gov.cn/bsfw/bmcxfw/snyljgcx/201910/t20191031_205903.shtml
2020-01-30 18:09:30,559 [line:114] INFO 4560158144 Get 2227 襄樊国营宏伟机械厂职工医院's data from http://wjw.hubei.gov.cn/bsfw/bmcxfw/snyljgcx/201910/t20191031_205902.shtml
2020-01-30 18:09:30,999 [line:114] INFO 4560158144 Get 2228 鹤峰县中心医院's data from http://wjw.hubei.gov.cn/bsfw/bmcxfw/snyljgcx/201910/t20191031_205900.shtml
2020-01-30 18:09:31,385 [line:114] INFO 4560158144 Get 2229 鹤峰县五里乡卫生院's data from http://wjw.hubei.gov.cn/bsfw/bmcxfw/snyljgcx/201910/t20191031_205892.shtml
2020-01-30 18:09:32,348 [line:114] INFO 4560158144 Get 2230 鹤峰县容美镇卫生院's data from http://wjw.hubei.gov.cn/bsfw/bmcxfw/snyljgcx/201910/t20191031_205891.shtml
2020-01-30 18:09:32,735 [line:114] INFO 4560158144 Get 2231 鹤峰县铁炉乡卫生院's data from http://wjw.hubei.gov.cn/bsfw/bmcxfw/snyljgcx/201910/t20191031_205890.shtml
2020-01-30 18:09:33,121 [line:114] INFO 4560158144 Get 2232 鹤峰县走马镇中心卫生院's data from http://wjw.hubei.gov.cn/bsfw/bmcxfw/snyljgcx/201910/t20191031_205889.shtml
2020-01-30 18:09:33,545 [line:114] INFO 4560158144 Get 2233 鹤峰县皮肤病防治所's data from http://wjw.hubei.gov.cn/bsfw/bmcxfw/snyljgcx/201910/t20191031_205898.shtml
2020-01-30 18:09:33,970 [line:114] INFO 4560158144 Get 2234 鹤峰县卫生防疫站's data from http://wjw.hubei.gov.cn/bsfw/bmcxfw/snyljgcx/201910/t20191031_205897.shtml
2020-01-30 18:09:34,407 [line:114] INFO 4560158144 Get 2235 鹤峰县太坪乡卫生院's data from http://wjw.hubei.gov.cn/bsfw/bmcxfw/snyljgcx/201910/t20191031_205895.shtml
2020-01-30 18:09:34,808 [line:114] INFO 4560158144 Get 2236 鹤峰县燕子卫生院's data from http://wjw.hubei.gov.cn/bsfw/bmcxfw/snyljgcx/201910/t20191031_205894.shtml
2020-01-30 18:09:35,378 [line:114] INFO 4560158144 Get 2237 鹤峰县卫生监督局's data from http://wjw.hubei.gov.cn/bsfw/bmcxfw/snyljgcx/201910/t20191031_205893.shtml
2020-01-30 18:09:36,267 [line:114] INFO 4560158144 Get 2238 鹤峰县下坪卫生院's data from http://wjw.hubei.gov.cn/bsfw/bmcxfw/snyljgcx/201910/t20191031_205887.shtml
2020-01-30 18:09:36,643 [line:114] INFO 4560158144 Get 2239 鹤峰县中营中心卫生院's data from http://wjw.hubei.gov.cn/bsfw/bmcxfw/snyljgcx/201910/t20191031_205885.shtml
2020-01-30 18:09:37,105 [line:114] INFO 4560158144 Get 2240 鹤峰县邬阳乡卫生院's data from http://wjw.hubei.gov.cn/bsfw/bmcxfw/snyljgcx/201910/t20191031_205884.shtml
2020-01-30 18:09:37,633 [line:114] INFO 4560158144 Get 2241 巴东县人民医院's data from http://wjw.hubei.gov.cn/bsfw/bmcxfw/snyljgcx/201910/t20191031_205882.shtml
2020-01-30 18:09:38,042 [line:114] INFO 4560158144 Get 2242 巴东县野三关镇中心卫生院's data from http://wjw.hubei.gov.cn/bsfw/bmcxfw/snyljgcx/201910/t20191031_205880.shtml
2020-01-30 18:09:38,726 [line:114] INFO 4560158144 Get 2243 巴东县中医医院's data from http://wjw.hubei.gov.cn/bsfw/bmcxfw/snyljgcx/201910/t20191031_205879.shtml
2020-01-30 18:09:39,481 [line:114] INFO 4560158144 Get 2244 巴东县官渡口镇卫生院's data from http://wjw.hubei.gov.cn/bsfw/bmcxfw/snyljgcx/201910/t20191031_205877.shtml
2020-01-30 18:09:39,872 [line:114] INFO 4560158144 Get 2245 巴东县信陵镇卫生院's data from http://wjw.hubei.gov.cn/bsfw/bmcxfw/snyljgcx/201910/t20191031_205875.shtml
2020-01-30 18:09:40,308 [line:114] INFO 4560158144 Get 2246 赤壁市莼川办事处卫生院's data from http://wjw.hubei.gov.cn/bsfw/bmcxfw/snyljgcx/201910/t20191031_205874.shtml
2020-01-30 18:09:41,119 [line:114] INFO 4560158144 Get 2247 赤壁市血吸虫病防治站's data from http://wjw.hubei.gov.cn/bsfw/bmcxfw/snyljgcx/201910/t20191031_205872.shtml
2020-01-30 18:09:41,491 [line:114] INFO 4560158144 Get 2248 赤壁市赵李桥镇中心卫生院's data from http://wjw.hubei.gov.cn/bsfw/bmcxfw/snyljgcx/201910/t20191031_205870.shtml
2020-01-30 18:09:41,922 [line:114] INFO 4560158144 Get 2249 赤壁市赤马港办事处卫生院's data from http://wjw.hubei.gov.cn/bsfw/bmcxfw/snyljgcx/201910/t20191031_205869.shtml
2020-01-30 18:09:42,803 [line:114] INFO 4560158144 Get 2250 赤壁市妇幼保健所's data from http://wjw.hubei.gov.cn/bsfw/bmcxfw/snyljgcx/201910/t20191031_205867.shtml
2020-01-30 18:09:43,313 [line:114] INFO 4560158144 Get 2251 襄樊市职业技术学院附属医院's data from http://wjw.hubei.gov.cn/bsfw/bmcxfw/snyljgcx/201910/t20191031_205865.shtml
2020-01-30 18:09:43,779 [line:114] INFO 4560158144 Get 2252 湖北华光医院's data from http://wjw.hubei.gov.cn/bsfw/bmcxfw/snyljgcx/201910/t20191031_205863.shtml
2020-01-30 18:09:44,397 [line:114] INFO 4560158144 Get 2253 襄樊铁路卫生防疫站's data from http://wjw.hubei.gov.cn/bsfw/bmcxfw/snyljgcx/201910/t20191031_205862.shtml
2020-01-30 18:09:45,107 [line:114] INFO 4560158144 Get 2254 湖北建昌机器有限公司康健医院's data from http://wjw.hubei.gov.cn/bsfw/bmcxfw/snyljgcx/201910/t20191031_205860.shtml
2020-01-30 18:09:46,438 [line:114] INFO 4560158144 Get 2255 襄樊市同和医院's data from http://wjw.hubei.gov.cn/bsfw/bmcxfw/snyljgcx/201910/t20191031_205858.shtml
2020-01-30 18:09:47,264 [line:114] INFO 4560158144 Get 2256 中国人民解放军第3542工厂职工医院's data from http://wjw.hubei.gov.cn/bsfw/bmcxfw/snyljgcx/201910/t20191031_205856.shtml
2020-01-30 18:09:47,810 [line:114] INFO 4560158144 Get 2257 襄樊市博爱医院's data from http://wjw.hubei.gov.cn/bsfw/bmcxfw/snyljgcx/201910/t20191031_205855.shtml
2020-01-30 18:09:48,241 [line:114] INFO 4560158144 Get 2258 铁四局一处襄樊医院's data from http://wjw.hubei.gov.cn/bsfw/bmcxfw/snyljgcx/201910/t20191031_205853.shtml
2020-01-30 18:09:49,416 [line:114] INFO 4560158144 Get 2259 中国化学工程第六建设公司医院's data from http://wjw.hubei.gov.cn/bsfw/bmcxfw/snyljgcx/201910/t20191031_205851.shtml
2020-01-30 18:09:50,774 [line:114] INFO 4560158144 Get 2260 东风汽车有限公司襄樊医院's data from http://wjw.hubei.gov.cn/bsfw/bmcxfw/snyljgcx/201910/t20191031_205850.shtml
2020-01-30 18:09:51,249 [line:114] INFO 4560158144 Get 2261 襄樊纺织(天和)医院's data from http://wjw.hubei.gov.cn/bsfw/bmcxfw/snyljgcx/201910/t20191031_205848.shtml
2020-01-30 18:09:51,743 [line:114] INFO 4560158144 Get 2262 襄樊市医疗器械维修管理站's data from http://wjw.hubei.gov.cn/bsfw/bmcxfw/snyljgcx/201910/t20191031_205847.shtml
2020-01-30 18:09:52,976 [line:114] INFO 4560158144 Get 2263 襄樊市第一人民医院's data from http://wjw.hubei.gov.cn/bsfw/bmcxfw/snyljgcx/201910/t20191031_205840.shtml
2020-01-30 18:09:54,046 [line:114] INFO 4560158144 Get 2264 中铁十一局集团第一工程有限公司职工医院's data from http://wjw.hubei.gov.cn/bsfw/bmcxfw/snyljgcx/201910/t20191031_205838.shtml
2020-01-30 18:09:54,919 [line:114] INFO 4560158144 Get 2265 襄樊市结核病防治院's data from http://wjw.hubei.gov.cn/bsfw/bmcxfw/snyljgcx/201910/t20191031_205837.shtml
2020-01-30 18:09:55,325 [line:114] INFO 4560158144 Get 2266 中铁第十一工程局中心医院's data from http://wjw.hubei.gov.cn/bsfw/bmcxfw/snyljgcx/201910/t20191031_205835.shtml
2020-01-30 18:09:55,690 [line:114] INFO 4560158144 Get 2267 航空航天部襄樊第六０九研究所职工医院's data from http://wjw.hubei.gov.cn/bsfw/bmcxfw/snyljgcx/201910/t20191031_205845.shtml
2020-01-30 18:09:56,696 [line:114] INFO 4560158144 Get 2268 襄樊市中医医院's data from http://wjw.hubei.gov.cn/bsfw/bmcxfw/snyljgcx/201910/t20191031_205843.shtml
2020-01-30 18:09:58,527 [line:114] INFO 4560158144 Get 2269 襄樊市中心血站's data from http://wjw.hubei.gov.cn/bsfw/bmcxfw/snyljgcx/201910/t20191031_205842.shtml
2020-01-30 18:09:58,953 [line:114] INFO 4560158144 Get 2270 襄樊市国营卫东机械厂职工医院's data from http://wjw.hubei.gov.cn/bsfw/bmcxfw/snyljgcx/201910/t20191031_205834.shtml
2020-01-30 18:09:59,332 [line:114] INFO 4560158144 Get 2271 襄樊市传染病院's data from http://wjw.hubei.gov.cn/bsfw/bmcxfw/snyljgcx/201910/t20191031_205832.shtml
2020-01-30 18:10:00,295 [line:114] INFO 4560158144 Get 2272 襄樊卷烟厂职工医院's data from http://wjw.hubei.gov.cn/bsfw/bmcxfw/snyljgcx/201910/t20191031_205830.shtml
2020-01-30 18:10:01,008 [line:114] INFO 4560158144 Get 2273 襄樊市樊城区王寨卫生院's data from http://wjw.hubei.gov.cn/bsfw/bmcxfw/snyljgcx/201910/t20191031_205829.shtml
2020-01-30 18:10:01,409 [line:114] INFO 4560158144 Get 2274 襄樊市第三人民医院's data from http://wjw.hubei.gov.cn/bsfw/bmcxfw/snyljgcx/201910/t20191031_205827.shtml
2020-01-30 18:10:01,812 [line:114] INFO 4560158144 Get 2275 襄樊市樊城区妇幼保健站's data from http://wjw.hubei.gov.cn/bsfw/bmcxfw/snyljgcx/201910/t20191031_205826.shtml
2020-01-30 18:10:02,262 [line:114] INFO 4560158144 Get 2276 枣阳市卫生防疫站's data from http://wjw.hubei.gov.cn/bsfw/bmcxfw/snyljgcx/201910/t20191031_205824.shtml
2020-01-30 18:10:02,642 [line:114] INFO 4560158144 Get 2277 枣阳市第二人民医院's data from http://wjw.hubei.gov.cn/bsfw/bmcxfw/snyljgcx/201910/t20191031_205815.shtml
2020-01-30 18:10:03,020 [line:114] INFO 4560158144 Get 2278 枣阳市随阳农场卫生院's data from http://wjw.hubei.gov.cn/bsfw/bmcxfw/snyljgcx/201910/t20191031_205813.shtml
2020-01-30 18:10:03,503 [line:114] INFO 4560158144 Get 2279 枣阳市第一人民医院's data from http://wjw.hubei.gov.cn/bsfw/bmcxfw/snyljgcx/201910/t20191031_205822.shtml
2020-01-30 18:10:05,073 [line:114] INFO 4560158144 Get 2280 枣阳市兴隆镇中心卫生院's data from http://wjw.hubei.gov.cn/bsfw/bmcxfw/snyljgcx/201910/t20191031_205821.shtml
2020-01-30 18:10:05,632 [line:114] INFO 4560158144 Get 2281 枣阳市中医院's data from http://wjw.hubei.gov.cn/bsfw/bmcxfw/snyljgcx/201910/t20191031_205819.shtml
2020-01-30 18:10:06,024 [line:114] INFO 4560158144 Get 2282 枣阳市妇幼保健院's data from http://wjw.hubei.gov.cn/bsfw/bmcxfw/snyljgcx/201910/t20191031_205817.shtml
2020-01-30 18:10:06,404 [line:114] INFO 4560158144 Get 2283 枣阳市琚湾镇卫生院's data from http://wjw.hubei.gov.cn/bsfw/bmcxfw/snyljgcx/201910/t20191031_205816.shtml
2020-01-30 18:10:06,772 [line:114] INFO 4560158144 Get 2284 枣阳市太平镇中心卫生院's data from http://wjw.hubei.gov.cn/bsfw/bmcxfw/snyljgcx/201910/t20191031_205812.shtml
2020-01-30 18:10:07,177 [line:114] INFO 4560158144 Get 2285 枣阳市车河农场卫生院's data from http://wjw.hubei.gov.cn/bsfw/bmcxfw/snyljgcx/201910/t20191031_205811.shtml
2020-01-30 18:10:07,652 [line:114] INFO 4560158144 Get 2286 枣阳市熊集镇卫生院's data from http://wjw.hubei.gov.cn/bsfw/bmcxfw/snyljgcx/201910/t20191031_205810.shtml
2020-01-30 18:10:08,656 [line:114] INFO 4560158144 Get 2287 枣阳市第三人民医院's data from http://wjw.hubei.gov.cn/bsfw/bmcxfw/snyljgcx/201910/t20191031_205809.shtml
2020-01-30 18:10:09,057 [line:114] INFO 4560158144 Get 2288 枣阳市新市镇卫生院's data from http://wjw.hubei.gov.cn/bsfw/bmcxfw/snyljgcx/201910/t20191031_205807.shtml
2020-01-30 18:10:09,476 [line:114] INFO 4560158144 Get 2289 枣阳市吉河卫生院's data from http://wjw.hubei.gov.cn/bsfw/bmcxfw/snyljgcx/201910/t20191031_205806.shtml
2020-01-30 18:10:09,846 [line:114] INFO 4560158144 Get 2290 枣阳市鹿头镇卫生院's data from http://wjw.hubei.gov.cn/bsfw/bmcxfw/snyljgcx/201910/t20191031_205805.shtml
2020-01-30 18:10:10,325 [line:114] INFO 4560158144 Get 2291 枣阳市琚湾镇蔡阳卫生院's data from http://wjw.hubei.gov.cn/bsfw/bmcxfw/snyljgcx/201910/t20191031_205803.shtml
2020-01-30 18:10:10,751 [line:114] INFO 4560158144 Get 2292 襄樊市江华汽车公司职工医院's data from http://wjw.hubei.gov.cn/bsfw/bmcxfw/snyljgcx/201910/t20191031_205792.shtml
2020-01-30 18:10:11,176 [line:114] INFO 4560158144 Get 2293 枣阳市太平镇姚岗卫生院's data from http://wjw.hubei.gov.cn/bsfw/bmcxfw/snyljgcx/201910/t20191031_205802.shtml
2020-01-30 18:10:11,706 [line:114] INFO 4560158144 Get 2294 枣阳市杨档镇卫生院's data from http://wjw.hubei.gov.cn/bsfw/bmcxfw/snyljgcx/201910/t20191031_205800.shtml
2020-01-30 18:10:13,368 [line:114] INFO 4560158144 Get 2295 枣阳市耿集镇卫生院's data from http://wjw.hubei.gov.cn/bsfw/bmcxfw/snyljgcx/201910/t20191031_205799.shtml
2020-01-30 18:10:14,192 [line:114] INFO 4560158144 Get 2296 随州市中心血站's data from http://wjw.hubei.gov.cn/bsfw/bmcxfw/snyljgcx/201910/t20191031_205797.shtml
2020-01-30 18:10:14,603 [line:114] INFO 4560158144 Get 2297 襄樊市妇幼保健院's data from http://wjw.hubei.gov.cn/bsfw/bmcxfw/snyljgcx/201910/t20191031_205795.shtml
2020-01-30 18:10:15,005 [line:114] INFO 4560158144 Get 2298 襄樊市第二人民医院's data from http://wjw.hubei.gov.cn/bsfw/bmcxfw/snyljgcx/201910/t20191031_205794.shtml
2020-01-30 18:10:15,408 [line:114] INFO 4560158144 Get 2299 国营华中制药厂职工医院's data from http://wjw.hubei.gov.cn/bsfw/bmcxfw/snyljgcx/201910/t20191031_205791.shtml
2020-01-30 18:10:15,808 [line:114] INFO 4560158144 Get 2300 襄樊市口腔医院's data from http://wjw.hubei.gov.cn/bsfw/bmcxfw/snyljgcx/201910/t20191031_205789.shtml
2020-01-30 18:10:21,924 [line:100] INFO 4560158144 Get data from 300 to 364
2020-01-30 18:10:21,925 [line:114] INFO 4560158144 Get 2301 襄樊市卫生防疫站's data from http://wjw.hubei.gov.cn/bsfw/bmcxfw/snyljgcx/201910/t20191031_205788.shtml
2020-01-30 18:10:22,340 [line:114] INFO 4560158144 Get 2302 襄樊市军工医院's data from http://wjw.hubei.gov.cn/bsfw/bmcxfw/snyljgcx/201910/t20191031_205787.shtml
2020-01-30 18:10:22,788 [line:114] INFO 4560158144 Get 2303 中铁电气化集团条二工程有限公司职工工地医院's data from http://wjw.hubei.gov.cn/bsfw/bmcxfw/snyljgcx/201910/t20191031_205786.shtml
2020-01-30 18:10:23,160 [line:114] INFO 4560158144 Get 2304 襄樊市职业病防治院's data from http://wjw.hubei.gov.cn/bsfw/bmcxfw/snyljgcx/201910/t20191031_205785.shtml
2020-01-30 18:10:24,121 [line:114] INFO 4560158144 Get 2305 国营汉丹电器厂职工医院's data from http://wjw.hubei.gov.cn/bsfw/bmcxfw/snyljgcx/201910/t20191031_205783.shtml
2020-01-30 18:10:25,280 [line:114] INFO 4560158144 Get 2306 湖北中天爱百颗药业有限公司职工医院's data from http://wjw.hubei.gov.cn/bsfw/bmcxfw/snyljgcx/201910/t20191031_205782.shtml
2020-01-30 18:10:25,752 [line:114] INFO 4560158144 Get 2307 襄樊一棉集团公司职工医院's data from http://wjw.hubei.gov.cn/bsfw/bmcxfw/snyljgcx/201910/t20191031_205781.shtml
2020-01-30 18:10:26,375 [line:114] INFO 4560158144 Get 2308 襄樊市樊城区牛首镇卫生院's data from http://wjw.hubei.gov.cn/bsfw/bmcxfw/snyljgcx/201910/t20191031_205773.shtml
2020-01-30 18:10:26,893 [line:114] INFO 4560158144 Get 2309 襄樊市樊城区太平店中心卫生院's data from http://wjw.hubei.gov.cn/bsfw/bmcxfw/snyljgcx/201910/t20191031_205772.shtml
2020-01-30 18:10:27,315 [line:114] INFO 4560158144 Get 2310 襄樊市樊城区柿铺卫生院's data from http://wjw.hubei.gov.cn/bsfw/bmcxfw/snyljgcx/201910/t20191031_205770.shtml
2020-01-30 18:10:28,036 [line:114] INFO 4560158144 Get 2311 襄樊铁路分局襄樊医院's data from http://wjw.hubei.gov.cn/bsfw/bmcxfw/snyljgcx/201910/t20191031_205780.shtml
2020-01-30 18:10:28,779 [line:114] INFO 4560158144 Get 2312 中国航空救生研究所职工医院's data from http://wjw.hubei.gov.cn/bsfw/bmcxfw/snyljgcx/201910/t20191031_205779.shtml
2020-01-30 18:10:29,168 [line:114] INFO 4560158144 Get 2313 襄樊市中心医院's data from http://wjw.hubei.gov.cn/bsfw/bmcxfw/snyljgcx/201910/t20191031_205778.shtml
2020-01-30 18:10:30,777 [line:114] INFO 4560158144 Get 2314 襄樊市安定医院's data from http://wjw.hubei.gov.cn/bsfw/bmcxfw/snyljgcx/201910/t20191031_205777.shtml
2020-01-30 18:10:31,191 [line:114] INFO 4560158144 Get 2315 襄樊市樊城区朱坡卫生院's data from http://wjw.hubei.gov.cn/bsfw/bmcxfw/snyljgcx/201910/t20191031_205775.shtml
2020-01-30 18:10:31,574 [line:114] INFO 4560158144 Get 2316 襄樊市第五人民医院's data from http://wjw.hubei.gov.cn/bsfw/bmcxfw/snyljgcx/201910/t20191031_205774.shtml
2020-01-30 18:10:34,229 [line:114] INFO 4560158144 Get 2317 襄樊市樊城区卫生监督所's data from http://wjw.hubei.gov.cn/bsfw/bmcxfw/snyljgcx/201910/t20191031_205769.shtml
2020-01-30 18:10:34,921 [line:114] INFO 4560158144 Get 2318 襄樊市樊城区竹条卫生院's data from http://wjw.hubei.gov.cn/bsfw/bmcxfw/snyljgcx/201910/t20191031_205768.shtml
2020-01-30 18:10:35,426 [line:114] INFO 4560158144 Get 2319 随州市妇幼保健院's data from http://wjw.hubei.gov.cn/bsfw/bmcxfw/snyljgcx/201910/t20191031_205767.shtml
2020-01-30 18:10:36,515 [line:114] INFO 4560158144 Get 2320 随州市疾病预防控制中心's data from http://wjw.hubei.gov.cn/bsfw/bmcxfw/snyljgcx/201910/t20191031_205766.shtml
2020-01-30 18:10:37,132 [line:114] INFO 4560158144 Get 2321 恩施市龙凤镇中心卫生院's data from http://wjw.hubei.gov.cn/bsfw/bmcxfw/snyljgcx/201910/t20191031_205765.shtml
2020-01-30 18:10:38,534 [line:114] INFO 4560158144 Get 2322 恩施市疾病预防控制中心's data from http://wjw.hubei.gov.cn/bsfw/bmcxfw/snyljgcx/201910/t20191031_205764.shtml
2020-01-30 18:10:38,894 [line:114] INFO 4560158144 Get 2323 恩施市卫生局卫生监督执法处's data from http://wjw.hubei.gov.cn/bsfw/bmcxfw/snyljgcx/201910/t20191031_205762.shtml
2020-01-30 18:10:39,263 [line:114] INFO 4560158144 Get 2324 恩施市新塘乡中心卫生院's data from http://wjw.hubei.gov.cn/bsfw/bmcxfw/snyljgcx/201910/t20191031_205761.shtml
2020-01-30 18:10:39,628 [line:114] INFO 4560158144 Get 2325 恩施市舞阳街道办事处卫生院's data from http://wjw.hubei.gov.cn/bsfw/bmcxfw/snyljgcx/201910/t20191031_205760.shtml
2020-01-30 18:10:40,924 [line:114] INFO 4560158144 Get 2326 恩施市崔坝中心卫生院's data from http://wjw.hubei.gov.cn/bsfw/bmcxfw/snyljgcx/201910/t20191031_205755.shtml
2020-01-30 18:10:41,265 [line:114] INFO 4560158144 Get 2327 恩施市小渡船街道办事处卫生院's data from http://wjw.hubei.gov.cn/bsfw/bmcxfw/snyljgcx/201910/t20191031_205754.shtml
2020-01-30 18:10:41,687 [line:114] INFO 4560158144 Get 2328 恩施市芭蕉侗族乡卫生院's data from http://wjw.hubei.gov.cn/bsfw/bmcxfw/snyljgcx/201910/t20191031_205753.shtml
2020-01-30 18:10:42,147 [line:114] INFO 4560158144 Get 2329 恩施市沙地乡卫生院's data from http://wjw.hubei.gov.cn/bsfw/bmcxfw/snyljgcx/201910/t20191031_205752.shtml
2020-01-30 18:10:42,679 [line:114] INFO 4560158144 Get 2330 恩施市板桥镇卫生院's data from http://wjw.hubei.gov.cn/bsfw/bmcxfw/snyljgcx/201910/t20191031_205750.shtml
2020-01-30 18:10:43,642 [line:114] INFO 4560158144 Get 2331 恩施市太阳河乡卫生院's data from http://wjw.hubei.gov.cn/bsfw/bmcxfw/snyljgcx/201910/t20191031_205759.shtml
2020-01-30 18:10:44,678 [line:114] INFO 4560158144 Get 2332 恩施市三岔乡卫生院's data from http://wjw.hubei.gov.cn/bsfw/bmcxfw/snyljgcx/201910/t20191031_205758.shtml
2020-01-30 18:10:45,221 [line:114] INFO 4560158144 Get 2333 恩施市盛家坝乡卫生院's data from http://wjw.hubei.gov.cn/bsfw/bmcxfw/snyljgcx/201910/t20191031_205757.shtml
2020-01-30 18:10:45,570 [line:114] INFO 4560158144 Get 2334 恩施市屯堡乡中心卫生院's data from http://wjw.hubei.gov.cn/bsfw/bmcxfw/snyljgcx/201910/t20191031_205756.shtml
2020-01-30 18:10:45,951 [line:114] INFO 4560158144 Get 2335 恩施市白果乡卫生院's data from http://wjw.hubei.gov.cn/bsfw/bmcxfw/snyljgcx/201910/t20191031_205749.shtml
2020-01-30 18:10:46,319 [line:114] INFO 4560158144 Get 2336 恩施市白杨坪乡卫生院's data from http://wjw.hubei.gov.cn/bsfw/bmcxfw/snyljgcx/201910/t20191031_205748.shtml
2020-01-30 18:10:46,731 [line:114] INFO 4560158144 Get 2337 恩施市红土乡卫生院's data from http://wjw.hubei.gov.cn/bsfw/bmcxfw/snyljgcx/201910/t20191031_205747.shtml
2020-01-30 18:10:47,086 [line:114] INFO 4560158144 Get 2338 恩施市中心医院's data from http://wjw.hubei.gov.cn/bsfw/bmcxfw/snyljgcx/201910/t20191031_205746.shtml
2020-01-30 18:10:47,485 [line:114] INFO 4560158144 Get 2339 恩施市六角亭街道办事处卫生院's data from http://wjw.hubei.gov.cn/bsfw/bmcxfw/snyljgcx/201910/t20191031_205745.shtml
2020-01-30 18:10:48,498 [line:114] INFO 4560158144 Get 2340 鹤峰县妇幼保健院's data from http://wjw.hubei.gov.cn/bsfw/bmcxfw/snyljgcx/201910/t20191031_205744.shtml
2020-01-30 18:10:49,142 [line:114] INFO 4560158144 Get 2341 咸宁市卫生服务中心's data from http://wjw.hubei.gov.cn/bsfw/bmcxfw/snyljgcx/201910/t20191031_205743.shtml
2020-01-30 18:10:51,318 [line:114] INFO 4560158144 Get 2342 枣阳市刘升镇卫生院's data from http://wjw.hubei.gov.cn/bsfw/bmcxfw/snyljgcx/201910/t20191031_205742.shtml
2020-01-30 18:10:52,208 [line:114] INFO 4560158144 Get 2343 枣阳市王城镇资山卫生院's data from http://wjw.hubei.gov.cn/bsfw/bmcxfw/snyljgcx/201910/t20191031_205741.shtml
2020-01-30 18:10:52,971 [line:114] INFO 4560158144 Get 2344 枣阳市吴店镇清潭卫生院's data from http://wjw.hubei.gov.cn/bsfw/bmcxfw/snyljgcx/201910/t20191031_205737.shtml
2020-01-30 18:10:53,325 [line:114] INFO 4560158144 Get 2345 枣阳市杨当镇徐寨卫生院's data from http://wjw.hubei.gov.cn/bsfw/bmcxfw/snyljgcx/201910/t20191031_205735.shtml
2020-01-30 18:10:53,704 [line:114] INFO 4560158144 Get 2346 枣阳市七方镇罗岗卫生院's data from http://wjw.hubei.gov.cn/bsfw/bmcxfw/snyljgcx/201910/t20191031_205734.shtml
2020-01-30 18:10:54,078 [line:114] INFO 4560158144 Get 2347 枣阳市吴店镇中心卫生院's data from http://wjw.hubei.gov.cn/bsfw/bmcxfw/snyljgcx/201910/t20191031_205733.shtml
2020-01-30 18:10:54,439 [line:114] INFO 4560158144 Get 2348 枣阳市平林镇卫生院's data from http://wjw.hubei.gov.cn/bsfw/bmcxfw/snyljgcx/201910/t20191031_205732.shtml
2020-01-30 18:10:54,817 [line:114] INFO 4560158144 Get 2349 枣阳市七方镇中心卫生院's data from http://wjw.hubei.gov.cn/bsfw/bmcxfw/snyljgcx/201910/t20191031_205731.shtml
2020-01-30 18:10:55,194 [line:114] INFO 4560158144 Get 2350 枣阳市王城镇卫生院's data from http://wjw.hubei.gov.cn/bsfw/bmcxfw/snyljgcx/201910/t20191031_205740.shtml
2020-01-30 18:10:55,588 [line:114] INFO 4560158144 Get 2351 枣阳市新市镇钱岗卫生院's data from http://wjw.hubei.gov.cn/bsfw/bmcxfw/snyljgcx/201910/t20191031_205738.shtml
2020-01-30 18:10:56,537 [line:114] INFO 4560158144 Get 2352 枣阳市南城梁集卫生院's data from http://wjw.hubei.gov.cn/bsfw/bmcxfw/snyljgcx/201910/t20191031_205730.shtml
2020-01-30 18:10:57,152 [line:114] INFO 4560158144 Get 2353 湖北省襄樊市原种繁殖场医院's data from http://wjw.hubei.gov.cn/bsfw/bmcxfw/snyljgcx/201910/t20191031_205728.shtml
2020-01-30 18:10:57,511 [line:114] INFO 4560158144 Get 2354 襄阳县妇幼保健所's data from http://wjw.hubei.gov.cn/bsfw/bmcxfw/snyljgcx/201910/t20191031_205727.shtml
2020-01-30 18:10:58,118 [line:114] INFO 4560158144 Get 2355 襄阳县张集镇卫生院's data from http://wjw.hubei.gov.cn/bsfw/bmcxfw/snyljgcx/201910/t20191031_205725.shtml
2020-01-30 18:10:58,549 [line:114] INFO 4560158144 Get 2356 铁道部第十一工程局第一工程处职工医院's data from http://wjw.hubei.gov.cn/bsfw/bmcxfw/snyljgcx/201910/t20191031_205723.shtml
2020-01-30 18:10:58,922 [line:114] INFO 4560158144 Get 2357 襄阳县黄集镇马集卫生院's data from http://wjw.hubei.gov.cn/bsfw/bmcxfw/snyljgcx/201910/t20191031_205722.shtml
2020-01-30 18:10:59,280 [line:114] INFO 4560158144 Get 2358 襄阳区黄集镇中心卫生院's data from http://wjw.hubei.gov.cn/bsfw/bmcxfw/snyljgcx/201910/t20191031_205720.shtml
2020-01-30 18:11:00,140 [line:114] INFO 4560158144 Get 2359 襄阳区石桥镇卫生院's data from http://wjw.hubei.gov.cn/bsfw/bmcxfw/snyljgcx/201910/t20191031_205719.shtml
2020-01-30 18:11:00,849 [line:114] INFO 4560158144 Get 2360 襄阳县峪山镇卫生院's data from http://wjw.hubei.gov.cn/bsfw/bmcxfw/snyljgcx/201910/t20191031_205714.shtml
2020-01-30 18:11:01,234 [line:114] INFO 4560158144 Get 2361 襄阳区古驿镇黄渠河卫生院's data from http://wjw.hubei.gov.cn/bsfw/bmcxfw/snyljgcx/201910/t20191031_205713.shtml
2020-01-30 18:11:01,673 [line:114] INFO 4560158144 Get 2362 襄阳区古驿镇卫生院's data from http://wjw.hubei.gov.cn/bsfw/bmcxfw/snyljgcx/201910/t20191031_205711.shtml
2020-01-30 18:11:02,098 [line:114] INFO 4560158144 Get 2363 襄阳县峪山镇方集卫生院's data from http://wjw.hubei.gov.cn/bsfw/bmcxfw/snyljgcx/201910/t20191031_205717.shtml
2020-01-30 18:11:02,454 [line:114] INFO 4560158144 Get 2364 襄阳县黑龙集镇卫生院's data from http://wjw.hubei.gov.cn/bsfw/bmcxfw/snyljgcx/201910/t20191031_205715.shtml
