2020-01-30 18:43:59,214 [line:67] INFO 4531944896 Get 2364 hospitals data
2020-01-30 18:43:59,221 [line:92] INFO 4531944896 Will save 14 files
2020-01-30 18:43:59,221 [line:100] INFO 4531944896 Get data from 1100 to 1200
2020-01-30 18:43:59,221 [line:114] INFO 4531944896 Get 2101 咸丰县活龙坪乡中心卫生院's data from http://wjw.hubei.gov.cn/bsfw/bmcxfw/snyljgcx/201910/t20191031_206099.shtml
2020-01-30 18:44:16,324 [line:114] INFO 4531944896 Get 2102 咸丰县妇幼保健院's data from http://wjw.hubei.gov.cn/bsfw/bmcxfw/snyljgcx/201910/t20191031_206112.shtml
2020-01-30 18:44:16,798 [line:114] INFO 4531944896 Get 2103 咸丰县黄金洞乡卫生院's data from http://wjw.hubei.gov.cn/bsfw/bmcxfw/snyljgcx/201910/t20191031_206110.shtml
2020-01-30 18:44:17,195 [line:114] INFO 4531944896 Get 2104 咸丰县尖山民族卫生院's data from http://wjw.hubei.gov.cn/bsfw/bmcxfw/snyljgcx/201910/t20191031_206109.shtml
2020-01-30 18:44:17,619 [line:114] INFO 4531944896 Get 2105 咸丰县忠堡镇卫生院's data from http://wjw.hubei.gov.cn/bsfw/bmcxfw/snyljgcx/201910/t20191031_206107.shtml
2020-01-30 18:44:17,999 [line:114] INFO 4531944896 Get 2106 咸丰县小村乡卫生院's data from http://wjw.hubei.gov.cn/bsfw/bmcxfw/snyljgcx/201910/t20191031_206105.shtml
2020-01-30 18:44:18,401 [line:114] INFO 4531944896 Get 2107 咸丰县清坪镇中心卫生院's data from http://wjw.hubei.gov.cn/bsfw/bmcxfw/snyljgcx/201910/t20191031_206103.shtml
2020-01-30 18:44:19,163 [line:114] INFO 4531944896 Get 2108 咸丰县高乐山镇卫生院's data from http://wjw.hubei.gov.cn/bsfw/bmcxfw/snyljgcx/201910/t20191031_206097.shtml
2020-01-30 18:44:19,544 [line:114] INFO 4531944896 Get 2109 咸丰县丁寨乡卫生院's data from http://wjw.hubei.gov.cn/bsfw/bmcxfw/snyljgcx/201910/t20191031_206095.shtml
2020-01-30 18:44:19,991 [line:114] INFO 4531944896 Get 2110 咸丰县大路坝区卫生院's data from http://wjw.hubei.gov.cn/bsfw/bmcxfw/snyljgcx/201910/t20191031_206094.shtml
2020-01-30 18:44:20,467 [line:114] INFO 4531944896 Get 2111 咸丰县朝阳寺镇卫生院's data from http://wjw.hubei.gov.cn/bsfw/bmcxfw/snyljgcx/201910/t20191031_206092.shtml
2020-01-30 18:44:20,880 [line:114] INFO 4531944896 Get 2112 恩施州中心医院's data from http://wjw.hubei.gov.cn/bsfw/bmcxfw/snyljgcx/201910/t20191031_206091.shtml
2020-01-30 18:44:21,282 [line:114] INFO 4531944896 Get 2113 湖北民族学院附属医院's data from http://wjw.hubei.gov.cn/bsfw/bmcxfw/snyljgcx/201910/t20191031_206089.shtml
2020-01-30 18:44:21,732 [line:114] INFO 4531944896 Get 2114 恩施州妇幼保健院's data from http://wjw.hubei.gov.cn/bsfw/bmcxfw/snyljgcx/201910/t20191031_206088.shtml
2020-01-30 18:44:22,193 [line:114] INFO 4531944896 Get 2115 恩施州疾病控制中心's data from http://wjw.hubei.gov.cn/bsfw/bmcxfw/snyljgcx/201910/t20191031_206086.shtml
2020-01-30 18:44:22,966 [line:114] INFO 4531944896 Get 2116 恩施州优抚医院's data from http://wjw.hubei.gov.cn/bsfw/bmcxfw/snyljgcx/201910/t20191031_206084.shtml
2020-01-30 18:44:23,363 [line:114] INFO 4531944896 Get 2117 恩施州中心血站's data from http://wjw.hubei.gov.cn/bsfw/bmcxfw/snyljgcx/201910/t20191031_206082.shtml
2020-01-30 18:44:23,836 [line:114] INFO 4531944896 Get 2118 建始县中心血站's data from http://wjw.hubei.gov.cn/bsfw/bmcxfw/snyljgcx/201910/t20191031_206071.shtml
2020-01-30 18:44:24,304 [line:114] INFO 4531944896 Get 2119 建始县妇幼保健院's data from http://wjw.hubei.gov.cn/bsfw/bmcxfw/snyljgcx/201910/t20191031_206069.shtml
2020-01-30 18:44:24,794 [line:114] INFO 4531944896 Get 2120 建始县长梁镇卫生院's data from http://wjw.hubei.gov.cn/bsfw/bmcxfw/snyljgcx/201910/t20191031_206068.shtml
2020-01-30 18:44:25,529 [line:114] INFO 4531944896 Get 2121 建始县龙坪卫生院's data from http://wjw.hubei.gov.cn/bsfw/bmcxfw/snyljgcx/201910/t20191031_206067.shtml
2020-01-30 18:44:26,078 [line:114] INFO 4531944896 Get 2122 建始县红岩寺镇卫生院's data from http://wjw.hubei.gov.cn/bsfw/bmcxfw/snyljgcx/201910/t20191031_206066.shtml
2020-01-30 18:44:26,489 [line:114] INFO 4531944896 Get 2123 建始县人民医院's data from http://wjw.hubei.gov.cn/bsfw/bmcxfw/snyljgcx/201910/t20191031_206080.shtml
2020-01-30 18:44:26,875 [line:114] INFO 4531944896 Get 2124 建始县中医院's data from http://wjw.hubei.gov.cn/bsfw/bmcxfw/snyljgcx/201910/t20191031_206077.shtml
2020-01-30 18:44:27,431 [line:114] INFO 4531944896 Get 2125 建始县疾病控制中心's data from http://wjw.hubei.gov.cn/bsfw/bmcxfw/snyljgcx/201910/t20191031_206076.shtml
2020-01-30 18:44:28,593 [line:114] INFO 4531944896 Get 2126 建始县茅田乡中心卫生院's data from http://wjw.hubei.gov.cn/bsfw/bmcxfw/snyljgcx/201910/t20191031_206073.shtml
2020-01-30 18:44:29,038 [line:114] INFO 4531944896 Get 2127 建始县高坪镇中心卫生院's data from http://wjw.hubei.gov.cn/bsfw/bmcxfw/snyljgcx/201910/t20191031_206064.shtml
2020-01-30 18:44:29,518 [line:114] INFO 4531944896 Get 2128 建始县邺州镇卫生院's data from http://wjw.hubei.gov.cn/bsfw/bmcxfw/snyljgcx/201910/t20191031_206063.shtml
2020-01-30 18:44:29,948 [line:114] INFO 4531944896 Get 2129 建始县官店镇中心卫生院's data from http://wjw.hubei.gov.cn/bsfw/bmcxfw/snyljgcx/201910/t20191031_206062.shtml
2020-01-30 18:44:30,422 [line:114] INFO 4531944896 Get 2130 建始县景阳镇卫生院's data from http://wjw.hubei.gov.cn/bsfw/bmcxfw/snyljgcx/201910/t20191031_206060.shtml
2020-01-30 18:44:30,880 [line:114] INFO 4531944896 Get 2131 建始县花坪乡民族中心卫生院's data from http://wjw.hubei.gov.cn/bsfw/bmcxfw/snyljgcx/201910/t20191031_206059.shtml
2020-01-30 18:44:31,442 [line:114] INFO 4531944896 Get 2132 建始县三里乡卫生院's data from http://wjw.hubei.gov.cn/bsfw/bmcxfw/snyljgcx/201910/t20191031_206058.shtml
2020-01-30 18:44:31,937 [line:114] INFO 4531944896 Get 2133 施南单采血浆站's data from http://wjw.hubei.gov.cn/bsfw/bmcxfw/snyljgcx/201910/t20191031_206055.shtml
2020-01-30 18:44:32,526 [line:114] INFO 4531944896 Get 2134 恩施州卫生执法监督局's data from http://wjw.hubei.gov.cn/bsfw/bmcxfw/snyljgcx/201910/t20191031_206053.shtml
2020-01-30 18:44:32,990 [line:114] INFO 4531944896 Get 2135 保康县人民医院's data from http://wjw.hubei.gov.cn/bsfw/bmcxfw/snyljgcx/201910/t20191031_206045.shtml
2020-01-30 18:44:33,509 [line:114] INFO 4531944896 Get 2136 保康县马良镇中心卫生院's data from http://wjw.hubei.gov.cn/bsfw/bmcxfw/snyljgcx/201910/t20191031_206043.shtml
2020-01-30 18:44:33,939 [line:114] INFO 4531944896 Get 2137 保康县马桥镇中心卫生院's data from http://wjw.hubei.gov.cn/bsfw/bmcxfw/snyljgcx/201910/t20191031_206040.shtml
2020-01-30 18:44:34,348 [line:114] INFO 4531944896 Get 2138 保康县中医医院's data from http://wjw.hubei.gov.cn/bsfw/bmcxfw/snyljgcx/201910/t20191031_206039.shtml
2020-01-30 18:44:34,773 [line:114] INFO 4531944896 Get 2139 364医院's data from http://wjw.hubei.gov.cn/bsfw/bmcxfw/snyljgcx/201910/t20191031_206052.shtml
2020-01-30 18:44:35,210 [line:114] INFO 4531944896 Get 2140 保康县卫生进修学校's data from http://wjw.hubei.gov.cn/bsfw/bmcxfw/snyljgcx/201910/t20191031_206049.shtml
2020-01-30 18:44:35,600 [line:114] INFO 4531944896 Get 2141 保康县歇马镇中心卫生院's data from http://wjw.hubei.gov.cn/bsfw/bmcxfw/snyljgcx/201910/t20191031_206047.shtml
2020-01-30 18:44:36,133 [line:114] INFO 4531944896 Get 2142 保康县寺坪镇中心卫生院's data from http://wjw.hubei.gov.cn/bsfw/bmcxfw/snyljgcx/201910/t20191031_206036.shtml
2020-01-30 18:44:36,636 [line:114] INFO 4531944896 Get 2143 保康县卫生防疫站's data from http://wjw.hubei.gov.cn/bsfw/bmcxfw/snyljgcx/201910/t20191031_206035.shtml
2020-01-30 18:44:37,171 [line:114] INFO 4531944896 Get 2144 保康县龙坪镇卫生院's data from http://wjw.hubei.gov.cn/bsfw/bmcxfw/snyljgcx/201910/t20191031_206032.shtml
2020-01-30 18:44:37,713 [line:114] INFO 4531944896 Get 2145 保康县两峪乡卫生院's data from http://wjw.hubei.gov.cn/bsfw/bmcxfw/snyljgcx/201910/t20191031_206031.shtml
2020-01-30 18:44:38,162 [line:114] INFO 4531944896 Get 2146 保康县店垭镇卫生院's data from http://wjw.hubei.gov.cn/bsfw/bmcxfw/snyljgcx/201910/t20191031_206028.shtml
2020-01-30 18:44:38,665 [line:114] INFO 4531944896 Get 2147 保康县妇幼保健院's data from http://wjw.hubei.gov.cn/bsfw/bmcxfw/snyljgcx/201910/t20191031_206026.shtml
2020-01-30 18:44:39,327 [line:114] INFO 4531944896 Get 2148 保康县后坪镇卫生院's data from http://wjw.hubei.gov.cn/bsfw/bmcxfw/snyljgcx/201910/t20191031_206025.shtml
2020-01-30 18:44:40,072 [line:114] INFO 4531944896 Get 2149 保康县黄堡镇卫生院's data from http://wjw.hubei.gov.cn/bsfw/bmcxfw/snyljgcx/201910/t20191031_206022.shtml
2020-01-30 18:44:40,686 [line:114] INFO 4531944896 Get 2150 襄城区欧庙镇法龙卫生院's data from http://wjw.hubei.gov.cn/bsfw/bmcxfw/snyljgcx/201910/t20191031_206014.shtml
2020-01-30 18:44:41,103 [line:114] INFO 4531944896 Get 2151 襄城区欧庙中心卫生院's data from http://wjw.hubei.gov.cn/bsfw/bmcxfw/snyljgcx/201910/t20191031_206013.shtml
2020-01-30 18:44:41,758 [line:114] INFO 4531944896 Get 2152 襄城区檀溪卫生院's data from http://wjw.hubei.gov.cn/bsfw/bmcxfw/snyljgcx/201910/t20191031_206011.shtml
2020-01-30 18:44:42,150 [line:114] INFO 4531944896 Get 2153 襄樊市第四人民医院's data from http://wjw.hubei.gov.cn/bsfw/bmcxfw/snyljgcx/201910/t20191031_206010.shtml
2020-01-30 18:44:42,538 [line:114] INFO 4531944896 Get 2154 保康县城关镇卫生院's data from http://wjw.hubei.gov.cn/bsfw/bmcxfw/snyljgcx/201910/t20191031_206021.shtml
2020-01-30 18:44:42,941 [line:114] INFO 4531944896 Get 2155 襄城区卧龙镇卫生院's data from http://wjw.hubei.gov.cn/bsfw/bmcxfw/snyljgcx/201910/t20191031_206019.shtml
2020-01-30 18:44:43,334 [line:114] INFO 4531944896 Get 2156 襄城区尹集卫生院's data from http://wjw.hubei.gov.cn/bsfw/bmcxfw/snyljgcx/201910/t20191031_206017.shtml
2020-01-30 18:44:43,759 [line:114] INFO 4531944896 Get 2157 襄城区庞公卫生院's data from http://wjw.hubei.gov.cn/bsfw/bmcxfw/snyljgcx/201910/t20191031_206016.shtml
2020-01-30 18:44:45,262 [line:114] INFO 4531944896 Get 2158 南漳县东巩镇中心卫生院's data from http://wjw.hubei.gov.cn/bsfw/bmcxfw/snyljgcx/201910/t20191031_206008.shtml
2020-01-30 18:44:45,656 [line:114] INFO 4531944896 Get 2159 南漳县人民医院's data from http://wjw.hubei.gov.cn/bsfw/bmcxfw/snyljgcx/201910/t20191031_206007.shtml
2020-01-30 18:44:46,329 [line:114] INFO 4531944896 Get 2160 老河口市卫生职工中等专业学校's data from http://wjw.hubei.gov.cn/bsfw/bmcxfw/snyljgcx/201910/t20191031_206005.shtml
2020-01-30 18:44:46,820 [line:114] INFO 4531944896 Get 2161 老河口市卫生监督局's data from http://wjw.hubei.gov.cn/bsfw/bmcxfw/snyljgcx/201910/t20191031_206004.shtml
2020-01-30 18:44:47,224 [line:114] INFO 4531944896 Get 2162 老河口市疾病预防控制中心's data from http://wjw.hubei.gov.cn/bsfw/bmcxfw/snyljgcx/201910/t20191031_206002.shtml
